#
# There is insufficient memory for the Java Runtime Environment to continue.
# Native memory allocation (malloc) failed to allocate 1048576 bytes. Error detail: AllocateHeap
# Possible reasons:
#   The system is out of physical RAM or swap space
#   This process is running with CompressedOops enabled, and the Java Heap may be blocking the growth of the native heap
# Possible solutions:
#   Reduce memory load on the system
#   Increase physical memory or swap space
#   Check if swap backing store is full
#   Decrease Java heap size (-Xmx/-Xms)
#   Decrease number of Java threads
#   Decrease Java thread stack sizes (-Xss)
#   Set larger code cache with -XX:ReservedCodeCacheSize=
#   JVM is running with Unscaled Compressed Oops mode in which the Java heap is
#     placed in the first 4GB address space. The Java Heap base address is the
#     maximum limit for the native heap growth. Please use -XX:HeapBaseMinAddress
#     to set the Java Heap base and to place the Java Heap above 4GB virtual address.
# This output file may be truncated or incomplete.
#
#  Out of Memory Error (allocation.cpp:44), pid=4592, tid=2464
#
# JRE version: OpenJDK Runtime Environment Temurin-21.0.8+9 (21.0.8+9) (build 21.0.8+9-LTS)
# Java VM: OpenJDK 64-Bit Server VM Temurin-21.0.8+9 (21.0.8+9-LTS, mixed mode, sharing, tiered, compressed oops, compressed class ptrs, parallel gc, windows-amd64)
# No core dump will be written. Minidumps are not enabled by default on client versions of Windows
#

---------------  S U M M A R Y ------------

Command Line: --add-modules=ALL-SYSTEM --add-opens=java.base/java.util=ALL-UNNAMED --add-opens=java.base/java.lang=ALL-UNNAMED --add-opens=java.base/sun.nio.fs=ALL-UNNAMED -Declipse.application=org.eclipse.jdt.ls.core.id1 -Dosgi.bundles.defaultStartLevel=4 -Declipse.product=org.eclipse.jdt.ls.core.product -Djava.import.generatesMetadataFilesAtProjectRoot=false -DDetectVMInstallationsJob.disabled=true -Dfile.encoding=utf8 -XX:+UseParallelGC -XX:GCTimeRatio=4 -XX:AdaptiveSizePolicyWeight=90 -Dsun.zip.disableMemoryMapping=true -Xmx2G -Xms100m -Xlog:disable -javaagent:c:\Users\gusta\.vscode\extensions\redhat.java-1.45.0-win32-x64\lombok\lombok-1.18.39-4050.jar -XX:+HeapDumpOnOutOfMemoryError -XX:HeapDumpPath=c:\Users\gusta\AppData\Roaming\Code\User\workspaceStorage\9bf339a5cd1e7817d2ad5bd5f32cb53c\redhat.java -Daether.dependencyCollector.impl=bf c:\Users\gusta\.vscode\extensions\redhat.java-1.45.0-win32-x64\server\plugins\org.eclipse.equinox.launcher_1.7.0.v20250519-0528.jar -configuration c:\Users\gusta\AppData\Roaming\Code\User\globalStorage\redhat.java\1.45.0\config_win -data c:\Users\gusta\AppData\Roaming\Code\User\workspaceStorage\9bf339a5cd1e7817d2ad5bd5f32cb53c\redhat.java\jdt_ws --pipe=\\.\pipe\lsp-27f63253be77405c209989139d7ba5db-sock

Host: Intel(R) Celeron(R) CPU 5205U @ 1.90GHz, 2 cores, 3G,  Windows 11 , 64 bit Build 26100 (10.0.26100.4484)
Time: Wed Sep 10 17:42:54 2025 Hora oficial do Brasil elapsed time: 1358.327751 seconds (0d 0h 22m 38s)

---------------  T H R E A D  ---------------

Current thread (0x000002adbfd8d210):  JavaThread "Attach Listener" daemon [_thread_in_vm, id=2464, stack(0x000000b6dd600000,0x000000b6dd700000) (1024K)]

Stack: [0x000000b6dd600000,0x000000b6dd700000]
Native frames: (J=compiled Java code, j=interpreted, Vv=VM code, C=native code)
V  [jvm.dll+0x6d2449]
V  [jvm.dll+0x8ae341]
V  [jvm.dll+0x8b08be]
V  [jvm.dll+0x8b0fa3]
V  [jvm.dll+0x280c96]
V  [jvm.dll+0xc0347]
V  [jvm.dll+0x6d2cf9]
V  [jvm.dll+0x131116]
V  [jvm.dll+0x3f2d16]
V  [jvm.dll+0x857e6b]
V  [jvm.dll+0x6d0b0d]
C  [ucrtbase.dll+0x37b0]
C  [KERNEL32.DLL+0x2e8d7]
C  [ntdll.dll+0x3c34c]


---------------  P R O C E S S  ---------------

Threads class SMR info:
_java_thread_list=0x000002ae289e6300, length=34, elements={
0x000002adbfedabb0, 0x000002adbfd866d0, 0x000002adbfd88b00, 0x000002adbfd8c5c0,
0x000002adbfd8d210, 0x000002adbfd8f3c0, 0x000002adbfd940a0, 0x000002adbfd92e70,
0x000002adbfe0fa00, 0x000002adbfe71350, 0x000002ae1c242a20, 0x000002ae1c9a2e00,
0x000002ae1c3f7590, 0x000002ae1c7d12f0, 0x000002ae1c6e0020, 0x000002ae1cb890d0,
0x000002adbfe0f250, 0x000002ae1cf64580, 0x000002ae1cf61790, 0x000002ae1cf631d0,
0x000002ae1cf63860, 0x000002ae1e74dab0, 0x000002ae1e74cd90, 0x000002ae1e74e140,
0x000002ae1e74b9e0, 0x000002ae1e74e7d0, 0x000002ae1e74ee60, 0x000002ae1c842580,
0x000002ae1c846720, 0x000002ae1c844ce0, 0x000002ae1c847440, 0x000002ae1c846db0,
0x000002ae1c845370, 0x000002ae1c847ad0
}

Java Threads: ( => current thread )
  0x000002adbfedabb0 JavaThread "main"                              [_thread_blocked, id=3468, stack(0x000000b6dcf00000,0x000000b6dd000000) (1024K)]
  0x000002adbfd866d0 JavaThread "Reference Handler"          daemon [_thread_blocked, id=11088, stack(0x000000b6dd300000,0x000000b6dd400000) (1024K)]
  0x000002adbfd88b00 JavaThread "Finalizer"                  daemon [_thread_blocked, id=13220, stack(0x000000b6dd400000,0x000000b6dd500000) (1024K)]
  0x000002adbfd8c5c0 JavaThread "Signal Dispatcher"          daemon [_thread_blocked, id=6016, stack(0x000000b6dd500000,0x000000b6dd600000) (1024K)]
=>0x000002adbfd8d210 JavaThread "Attach Listener"            daemon [_thread_in_vm, id=2464, stack(0x000000b6dd600000,0x000000b6dd700000) (1024K)]
  0x000002adbfd8f3c0 JavaThread "Service Thread"             daemon [_thread_blocked, id=11204, stack(0x000000b6dd700000,0x000000b6dd800000) (1024K)]
  0x000002adbfd940a0 JavaThread "Monitor Deflation Thread"   daemon [_thread_blocked, id=5960, stack(0x000000b6dd800000,0x000000b6dd900000) (1024K)]
  0x000002adbfd92e70 JavaThread "C2 CompilerThread0"         daemon [_thread_blocked, id=11864, stack(0x000000b6dd900000,0x000000b6dda00000) (1024K)]
  0x000002adbfe0fa00 JavaThread "C1 CompilerThread0"         daemon [_thread_blocked, id=10068, stack(0x000000b6dda00000,0x000000b6ddb00000) (1024K)]
  0x000002adbfe71350 JavaThread "Common-Cleaner"             daemon [_thread_blocked, id=5488, stack(0x000000b6ddb00000,0x000000b6ddc00000) (1024K)]
  0x000002ae1c242a20 JavaThread "Notification Thread"        daemon [_thread_blocked, id=7404, stack(0x000000b6ddc00000,0x000000b6ddd00000) (1024K)]
  0x000002ae1c9a2e00 JavaThread "Active Thread: Equinox Container: 39694579-27af-4af0-8edd-c4d447ab7d93"        [_thread_blocked, id=8944, stack(0x000000b6dde00000,0x000000b6ddf00000) (1024K)]
  0x000002ae1c3f7590 JavaThread "Refresh Thread: Equinox Container: 39694579-27af-4af0-8edd-c4d447ab7d93" daemon [_thread_blocked, id=5440, stack(0x000000b6ddf00000,0x000000b6de000000) (1024K)]
  0x000002ae1c7d12f0 JavaThread "Framework Event Dispatcher: Equinox Container: 39694579-27af-4af0-8edd-c4d447ab7d93" daemon [_thread_blocked, id=10496, stack(0x000000b6de000000,0x000000b6de100000) (1024K)]
  0x000002ae1c6e0020 JavaThread "Start Level: Equinox Container: 39694579-27af-4af0-8edd-c4d447ab7d93" daemon [_thread_blocked, id=10260, stack(0x000000b6de100000,0x000000b6de200000) (1024K)]
  0x000002ae1cb890d0 JavaThread "Bundle File Closer"         daemon [_thread_blocked, id=7028, stack(0x000000b6de200000,0x000000b6de300000) (1024K)]
  0x000002adbfe0f250 JavaThread "SCR Component Actor"        daemon [_thread_blocked, id=8996, stack(0x000000b6de300000,0x000000b6de400000) (1024K)]
  0x000002ae1cf64580 JavaThread "Worker-JM"                         [_thread_blocked, id=11956, stack(0x000000b6de500000,0x000000b6de600000) (1024K)]
  0x000002ae1cf61790 JavaThread "JNA Cleaner"                daemon [_thread_blocked, id=1888, stack(0x000000b6de600000,0x000000b6de700000) (1024K)]
  0x000002ae1cf631d0 JavaThread "Java indexing"              daemon [_thread_blocked, id=11768, stack(0x000000b6dea00000,0x000000b6deb00000) (1024K)]
  0x000002ae1cf63860 JavaThread "Worker-3: Validate documents"        [_thread_in_vm, id=9120, stack(0x000000b6deb00000,0x000000b6dec00000) (1024K)]
  0x000002ae1e74dab0 JavaThread "Thread-2"                   daemon [_thread_in_native, id=9204, stack(0x000000b6de400000,0x000000b6de500000) (1024K)]
  0x000002ae1e74cd90 JavaThread "Thread-3"                   daemon [_thread_in_native, id=2352, stack(0x000000b6df000000,0x000000b6df100000) (1024K)]
  0x000002ae1e74e140 JavaThread "Thread-4"                   daemon [_thread_in_native, id=1208, stack(0x000000b6df100000,0x000000b6df200000) (1024K)]
  0x000002ae1e74b9e0 JavaThread "pool-2-thread-1"                   [_thread_blocked, id=6504, stack(0x000000b6df200000,0x000000b6df300000) (1024K)]
  0x000002ae1e74e7d0 JavaThread "WorkspaceEventsHandler"            [_thread_blocked, id=880, stack(0x000000b6df300000,0x000000b6df400000) (1024K)]
  0x000002ae1e74ee60 JavaThread "pool-1-thread-1"                   [_thread_blocked, id=11560, stack(0x000000b6df400000,0x000000b6df500000) (1024K)]
  0x000002ae1c842580 JavaThread "Cleaner-0"                  daemon [_thread_blocked, id=7996, stack(0x000000b6df900000,0x000000b6dfa00000) (1024K)]
  0x000002ae1c846720 JavaThread "Worker-6"                          [_thread_blocked, id=10052, stack(0x000000b6dcc00000,0x000000b6dcd00000) (1024K)]
  0x000002ae1c844ce0 JavaThread "ForkJoinPool.commonPool-worker-4" daemon [_thread_blocked, id=2448, stack(0x000000b6ded00000,0x000000b6dee00000) (1024K)]
  0x000002ae1c847440 JavaThread "Worker-9"                          [_thread_blocked, id=5420, stack(0x000000b6dcd00000,0x000000b6dce00000) (1024K)]
  0x000002ae1c846db0 JavaThread "Compiler Processing Task"   daemon [_thread_blocked, id=6968, stack(0x000000b6dce00000,0x000000b6dcf00000) (1024K)]
  0x000002ae1c845370 JavaThread "Worker-10"                         [_thread_blocked, id=8388, stack(0x000000b6de700000,0x000000b6de800000) (1024K)]
  0x000002ae1c847ad0 JavaThread "Thread-918"                        [_thread_blocked, id=4780, stack(0x000000b6de900000,0x000000b6dea00000) (1024K)]
Total: 34

Other Threads:
  0x000002adbff99c80 VMThread "VM Thread"                           [id=6680, stack(0x000000b6dd200000,0x000000b6dd300000) (1024K)]
  0x000002adbff45650 WatcherThread "VM Periodic Task Thread"        [id=12104, stack(0x000000b6dd100000,0x000000b6dd200000) (1024K)]
  0x000002adbfef81c0 WorkerThread "GC Thread#0"                     [id=1688, stack(0x000000b6dd000000,0x000000b6dd100000) (1024K)]
  0x000002ae1c469960 WorkerThread "GC Thread#1"                     [id=12648, stack(0x000000b6ddd00000,0x000000b6dde00000) (1024K)]
Total: 4

Threads with active compile tasks:
Total: 0

VM state: not at safepoint (normal execution)

VM Mutex/Monitor currently owned by a thread: None

Heap address: 0x0000000080000000, size: 2048 MB, Compressed Oops mode: 32-bit

CDS archive(s) mapped at: [0x000002add7000000-0x000002add7ba0000-0x000002add7ba0000), size 12189696, SharedBaseAddress: 0x000002add7000000, ArchiveRelocationMode: 1.
Compressed class space mapped at: 0x000002add8000000-0x000002ae18000000, reserved size: 1073741824
Narrow klass base: 0x000002add7000000, Narrow klass shift: 0, Narrow klass range: 0x100000000

GC Precious Log:
 CardTable entry size: 512
 CPUs: 2 total, 2 available
 Memory: 3910M
 Large Page Support: Disabled
 NUMA Support: Disabled
 Compressed Oops: Enabled (32-bit)
 Alignments: Space 512K, Generation 512K, Heap 2M
 Heap Min Capacity: 100M
 Heap Initial Capacity: 100M
 Heap Max Capacity: 2G
 Pre-touch: Disabled
 Parallel Workers: 2

Heap:
 PSYoungGen      total 3072K, used 2468K [0x00000000d5580000, 0x00000000d5900000, 0x0000000100000000)
  eden space 2560K, 84% used [0x00000000d5580000,0x00000000d579d158,0x00000000d5800000)
  from space 512K, 59% used [0x00000000d5880000,0x00000000d58cc030,0x00000000d5900000)
  to   space 512K, 0% used [0x00000000d5800000,0x00000000d5800000,0x00000000d5880000)
 ParOldGen       total 456704K, used 456641K [0x0000000080000000, 0x000000009be00000, 0x00000000d5580000)
  object space 456704K, 99% used [0x0000000080000000,0x000000009bdf07d8,0x000000009be00000)
 Metaspace       used 81002K, committed 82688K, reserved 1179648K
  class space    used 8284K, committed 9024K, reserved 1048576K

Card table byte_map: [0x000002adbf880000,0x000002adbfc90000] _byte_map_base: 0x000002adbf480000

Marking Bits: (ParMarkBitMap*) 0x00007ffbf7f9a340
 Begin Bits: [0x000002add2380000, 0x000002add4380000)
 End Bits:   [0x000002add4380000, 0x000002add6380000)

Polling page: 0x000002adbdca0000

Metaspace:

Usage:
  Non-class:     71.01 MB used.
      Class:      8.09 MB used.
       Both:     79.10 MB used.

Virtual space:
  Non-class space:      128.00 MB reserved,      71.94 MB ( 56%) committed,  2 nodes.
      Class space:        1.00 GB reserved,       8.81 MB ( <1%) committed,  1 nodes.
             Both:        1.12 GB reserved,      80.75 MB (  7%) committed. 

Chunk freelists:
   Non-Class:  8.08 MB
       Class:  7.13 MB
        Both:  15.21 MB

MaxMetaspaceSize: unlimited
CompressedClassSpaceSize: 1.00 GB
Initial GC threshold: 21.00 MB
Current GC threshold: 128.06 MB
CDS: on
 - commit_granule_bytes: 65536.
 - commit_granule_words: 8192.
 - virtual_space_node_default_size: 8388608.
 - enlarge_chunks_in_place: 1.
 - use_allocation_guard: 0.


Internal statistics:

num_allocs_failed_limit: 9.
num_arena_births: 1670.
num_arena_deaths: 16.
num_vsnodes_births: 3.
num_vsnodes_deaths: 0.
num_space_committed: 1292.
num_space_uncommitted: 0.
num_chunks_returned_to_freelist: 25.
num_chunks_taken_from_freelist: 5788.
num_chunk_merges: 10.
num_chunk_splits: 3495.
num_chunks_enlarged: 1885.
num_inconsistent_stats: 0.

CodeHeap 'non-profiled nmethods': size=120064Kb used=16002Kb max_used=16002Kb free=104061Kb
 bounds [0x000002adcab90000, 0x000002adcbb40000, 0x000002add20d0000]
CodeHeap 'profiled nmethods': size=120000Kb used=42961Kb max_used=42961Kb free=77038Kb
 bounds [0x000002adc30d0000, 0x000002adc5ad0000, 0x000002adca600000]
CodeHeap 'non-nmethods': size=5696Kb used=1482Kb max_used=1578Kb free=4213Kb
 bounds [0x000002adca600000, 0x000002adca870000, 0x000002adcab90000]
CodeCache: size=245760Kb, used=60445Kb, max_used=60541Kb, free=185312Kb
 total_blobs=17974, nmethods=17172, adapters=706, full_count=0
Compilation: enabled, stopped_count=0, restarted_count=0

Compilation events (20 events):
Event: 1356.029 Thread 0x000002adbfe0fa00 18767       3       org.apache.maven.plugin.descriptor.PluginDescriptor::constructPluginKey (33 bytes)
Event: 1356.030 Thread 0x000002adbfe0fa00 nmethod 18767 0x000002adc5ab7f10 code [0x000002adc5ab8160, 0x000002adc5ab8810]
Event: 1356.032 Thread 0x000002adbfe0fa00 18768   !   3       java.util.concurrent.CopyOnWriteArrayList::remove (97 bytes)
Event: 1356.033 Thread 0x000002adbfe0fa00 nmethod 18768 0x000002adc5ab8b10 code [0x000002adc5ab8d00, 0x000002adc5ab9338]
Event: 1356.112 Thread 0x000002adbfe0fa00 18769       3       java.util.concurrent.locks.AbstractQueuedSynchronizer::enqueue (72 bytes)
Event: 1356.113 Thread 0x000002adbfe0fa00 nmethod 18769 0x000002adc5ab9690 code [0x000002adc5ab98c0, 0x000002adc5ab9f70]
Event: 1356.298 Thread 0x000002adbfd92e70 18770       4       java.util.concurrent.locks.LockSupport::unpark (26 bytes)
Event: 1356.299 Thread 0x000002adbfd92e70 nmethod 18770 0x000002adcbb2f310 code [0x000002adcbb2f4a0, 0x000002adcbb2f598]
Event: 1356.848 Thread 0x000002adbfe0fa00 18771       3       java.text.DecimalFormat::getPositivePrefixFieldPositions (41 bytes)
Event: 1356.848 Thread 0x000002adbfe0fa00 nmethod 18771 0x000002adc5aba190 code [0x000002adc5aba340, 0x000002adc5aba550]
Event: 1356.848 Thread 0x000002adbfe0fa00 18772       3       java.text.DecimalFormat::subformatNumber (1173 bytes)
Event: 1356.856 Thread 0x000002adbfe0fa00 nmethod 18772 0x000002adc5aba610 code [0x000002adc5abaca0, 0x000002adc5ac03d0]
Event: 1356.856 Thread 0x000002adbfe0fa00 18773       3       java.text.DecimalFormat::getPositiveSuffixFieldPositions (41 bytes)
Event: 1356.857 Thread 0x000002adbfe0fa00 nmethod 18773 0x000002adc5ac2990 code [0x000002adc5ac2b40, 0x000002adc5ac2d50]
Event: 1356.857 Thread 0x000002adbfe0fa00 18774       1       org.eclipse.lsp4j.PublishDiagnosticsCapabilities::getTagSupport (5 bytes)
Event: 1356.857 Thread 0x000002adbfe0fa00 nmethod 18774 0x000002adcbb2f690 code [0x000002adcbb2f820, 0x000002adcbb2f8e8]
Event: 1357.376 Thread 0x000002adbfe0fa00 18775       3       java.lang.String::encodeASCII (146 bytes)
Event: 1357.377 Thread 0x000002adbfe0fa00 nmethod 18775 0x000002adc5ac2e10 code [0x000002adc5ac3060, 0x000002adc5ac3a28]
Event: 1358.000 Thread 0x000002adbfd92e70 18776       4       org.eclipse.jdt.internal.compiler.parser.Parser::getUnspecifiedReferenceOptimized (196 bytes)
Event: 1358.019 Thread 0x000002adbfd92e70 nmethod 18776 0x000002adcbb2f990 code [0x000002adcbb2fb80, 0x000002adcbb30468]

GC Heap History (20 events):
Event: 1356.369 GC heap before
{Heap before GC invocations=921 (full 4):
 PSYoungGen      total 2048K, used 1800K [0x00000000d5580000, 0x00000000d5900000, 0x0000000100000000)
  eden space 1024K, 100% used [0x00000000d5580000,0x00000000d5680000,0x00000000d5680000)
  from space 1024K, 75% used [0x00000000d5800000,0x00000000d58c2000,0x00000000d5900000)
  to   space 1024K, 0% used [0x00000000d5680000,0x00000000d5680000,0x00000000d5780000)
 ParOldGen       total 451072K, used 450926K [0x0000000080000000, 0x000000009b880000, 0x00000000d5580000)
  object space 451072K, 99% used [0x0000000080000000,0x000000009b85bbf8,0x000000009b880000)
 Metaspace       used 80999K, committed 82688K, reserved 1179648K
  class space    used 8284K, committed 9024K, reserved 1048576K
}
Event: 1356.373 GC heap after
{Heap after GC invocations=921 (full 4):
 PSYoungGen      total 2048K, used 496K [0x00000000d5580000, 0x00000000d5880000, 0x0000000100000000)
  eden space 1024K, 0% used [0x00000000d5580000,0x00000000d5580000,0x00000000d5680000)
  from space 1024K, 48% used [0x00000000d5680000,0x00000000d56fc000,0x00000000d5780000)
  to   space 1024K, 0% used [0x00000000d5780000,0x00000000d5780000,0x00000000d5880000)
 ParOldGen       total 451584K, used 451502K [0x0000000080000000, 0x000000009b900000, 0x00000000d5580000)
  object space 451584K, 99% used [0x0000000080000000,0x000000009b8ebbf8,0x000000009b900000)
 Metaspace       used 80999K, committed 82688K, reserved 1179648K
  class space    used 8284K, committed 9024K, reserved 1048576K
}
Event: 1356.389 GC heap before
{Heap before GC invocations=922 (full 4):
 PSYoungGen      total 2048K, used 1520K [0x00000000d5580000, 0x00000000d5880000, 0x0000000100000000)
  eden space 1024K, 100% used [0x00000000d5580000,0x00000000d5680000,0x00000000d5680000)
  from space 1024K, 48% used [0x00000000d5680000,0x00000000d56fc000,0x00000000d5780000)
  to   space 1024K, 0% used [0x00000000d5780000,0x00000000d5780000,0x00000000d5880000)
 ParOldGen       total 451584K, used 451502K [0x0000000080000000, 0x000000009b900000, 0x00000000d5580000)
  object space 451584K, 99% used [0x0000000080000000,0x000000009b8ebbf8,0x000000009b900000)
 Metaspace       used 80999K, committed 82688K, reserved 1179648K
  class space    used 8284K, committed 9024K, reserved 1048576K
}
Event: 1356.394 GC heap after
{Heap after GC invocations=922 (full 4):
 PSYoungGen      total 1536K, used 1024K [0x00000000d5580000, 0x00000000d5a00000, 0x0000000100000000)
  eden space 512K, 0% used [0x00000000d5580000,0x00000000d5580000,0x00000000d5600000)
  from space 1024K, 100% used [0x00000000d5780000,0x00000000d5880000,0x00000000d5880000)
  to   space 1536K, 0% used [0x00000000d5600000,0x00000000d5600000,0x00000000d5780000)
 ParOldGen       total 452096K, used 451646K [0x0000000080000000, 0x000000009b980000, 0x00000000d5580000)
  object space 452096K, 99% used [0x0000000080000000,0x000000009b90fbf8,0x000000009b980000)
 Metaspace       used 80999K, committed 82688K, reserved 1179648K
  class space    used 8284K, committed 9024K, reserved 1048576K
}
Event: 1356.413 GC heap before
{Heap before GC invocations=923 (full 4):
 PSYoungGen      total 1536K, used 1536K [0x00000000d5580000, 0x00000000d5a00000, 0x0000000100000000)
  eden space 512K, 100% used [0x00000000d5580000,0x00000000d5600000,0x00000000d5600000)
  from space 1024K, 100% used [0x00000000d5780000,0x00000000d5880000,0x00000000d5880000)
  to   space 1536K, 0% used [0x00000000d5600000,0x00000000d5600000,0x00000000d5780000)
 ParOldGen       total 452096K, used 451646K [0x0000000080000000, 0x000000009b980000, 0x00000000d5580000)
  object space 452096K, 99% used [0x0000000080000000,0x000000009b90fbf8,0x000000009b980000)
 Metaspace       used 80999K, committed 82688K, reserved 1179648K
  class space    used 8284K, committed 9024K, reserved 1048576K
}
Event: 1356.417 GC heap after
{Heap after GC invocations=923 (full 4):
 PSYoungGen      total 2048K, used 535K [0x00000000d5580000, 0x00000000d5880000, 0x0000000100000000)
  eden space 512K, 0% used [0x00000000d5580000,0x00000000d5580000,0x00000000d5600000)
  from space 1536K, 34% used [0x00000000d5600000,0x00000000d5685f80,0x00000000d5780000)
  to   space 1024K, 0% used [0x00000000d5780000,0x00000000d5780000,0x00000000d5880000)
 ParOldGen       total 453120K, used 452654K [0x0000000080000000, 0x000000009ba80000, 0x00000000d5580000)
  object space 453120K, 99% used [0x0000000080000000,0x000000009ba0bbf8,0x000000009ba80000)
 Metaspace       used 80999K, committed 82688K, reserved 1179648K
  class space    used 8284K, committed 9024K, reserved 1048576K
}
Event: 1356.421 GC heap before
{Heap before GC invocations=924 (full 4):
 PSYoungGen      total 2048K, used 1047K [0x00000000d5580000, 0x00000000d5880000, 0x0000000100000000)
  eden space 512K, 100% used [0x00000000d5580000,0x00000000d5600000,0x00000000d5600000)
  from space 1536K, 34% used [0x00000000d5600000,0x00000000d5685f80,0x00000000d5780000)
  to   space 1024K, 0% used [0x00000000d5780000,0x00000000d5780000,0x00000000d5880000)
 ParOldGen       total 453120K, used 452654K [0x0000000080000000, 0x000000009ba80000, 0x00000000d5580000)
  object space 453120K, 99% used [0x0000000080000000,0x000000009ba0bbf8,0x000000009ba80000)
 Metaspace       used 80999K, committed 82688K, reserved 1179648K
  class space    used 8284K, committed 9024K, reserved 1048576K
}
Event: 1356.425 GC heap after
{Heap after GC invocations=924 (full 4):
 PSYoungGen      total 2048K, used 512K [0x00000000d5580000, 0x00000000d5880000, 0x0000000100000000)
  eden space 1024K, 0% used [0x00000000d5580000,0x00000000d5580000,0x00000000d5680000)
  from space 1024K, 50% used [0x00000000d5780000,0x00000000d5800000,0x00000000d5880000)
  to   space 1024K, 0% used [0x00000000d5680000,0x00000000d5680000,0x00000000d5780000)
 ParOldGen       total 453632K, used 453158K [0x0000000080000000, 0x000000009bb00000, 0x00000000d5580000)
  object space 453632K, 99% used [0x0000000080000000,0x000000009ba89b78,0x000000009bb00000)
 Metaspace       used 80999K, committed 82688K, reserved 1179648K
  class space    used 8284K, committed 9024K, reserved 1048576K
}
Event: 1356.429 GC heap before
{Heap before GC invocations=925 (full 4):
 PSYoungGen      total 2048K, used 1536K [0x00000000d5580000, 0x00000000d5880000, 0x0000000100000000)
  eden space 1024K, 100% used [0x00000000d5580000,0x00000000d5680000,0x00000000d5680000)
  from space 1024K, 50% used [0x00000000d5780000,0x00000000d5800000,0x00000000d5880000)
  to   space 1024K, 0% used [0x00000000d5680000,0x00000000d5680000,0x00000000d5780000)
 ParOldGen       total 453632K, used 453158K [0x0000000080000000, 0x000000009bb00000, 0x00000000d5580000)
  object space 453632K, 99% used [0x0000000080000000,0x000000009ba89b78,0x000000009bb00000)
 Metaspace       used 80999K, committed 82688K, reserved 1179648K
  class space    used 8284K, committed 9024K, reserved 1048576K
}
Event: 1356.433 GC heap after
{Heap after GC invocations=925 (full 4):
 PSYoungGen      total 2048K, used 1024K [0x00000000d5580000, 0x00000000d5a00000, 0x0000000100000000)
  eden space 1024K, 0% used [0x00000000d5580000,0x00000000d5580000,0x00000000d5680000)
  from space 1024K, 100% used [0x00000000d5680000,0x00000000d5780000,0x00000000d5780000)
  to   space 1536K, 0% used [0x00000000d5880000,0x00000000d5880000,0x00000000d5a00000)
 ParOldGen       total 454144K, used 453646K [0x0000000080000000, 0x000000009bb80000, 0x00000000d5580000)
  object space 454144K, 99% used [0x0000000080000000,0x000000009bb03b78,0x000000009bb80000)
 Metaspace       used 80999K, committed 82688K, reserved 1179648K
  class space    used 8284K, committed 9024K, reserved 1048576K
}
Event: 1356.437 GC heap before
{Heap before GC invocations=926 (full 4):
 PSYoungGen      total 2048K, used 2048K [0x00000000d5580000, 0x00000000d5a00000, 0x0000000100000000)
  eden space 1024K, 100% used [0x00000000d5580000,0x00000000d5680000,0x00000000d5680000)
  from space 1024K, 100% used [0x00000000d5680000,0x00000000d5780000,0x00000000d5780000)
  to   space 1536K, 0% used [0x00000000d5880000,0x00000000d5880000,0x00000000d5a00000)
 ParOldGen       total 454144K, used 453646K [0x0000000080000000, 0x000000009bb80000, 0x00000000d5580000)
  object space 454144K, 99% used [0x0000000080000000,0x000000009bb03b78,0x000000009bb80000)
 Metaspace       used 80999K, committed 82688K, reserved 1179648K
  class space    used 8284K, committed 9024K, reserved 1048576K
}
Event: 1356.443 GC heap after
{Heap after GC invocations=926 (full 4):
 PSYoungGen      total 3072K, used 1024K [0x00000000d5580000, 0x00000000d5a00000, 0x0000000100000000)
  eden space 1536K, 0% used [0x00000000d5580000,0x00000000d5580000,0x00000000d5700000)
  from space 1536K, 66% used [0x00000000d5880000,0x00000000d5980000,0x00000000d5a00000)
  to   space 1536K, 0% used [0x00000000d5700000,0x00000000d5700000,0x00000000d5880000)
 ParOldGen       total 454656K, used 454654K [0x0000000080000000, 0x000000009bc00000, 0x00000000d5580000)
  object space 454656K, 99% used [0x0000000080000000,0x000000009bbffb78,0x000000009bc00000)
 Metaspace       used 80999K, committed 82688K, reserved 1179648K
  class space    used 8284K, committed 9024K, reserved 1048576K
}
Event: 1356.543 GC heap before
{Heap before GC invocations=927 (full 4):
 PSYoungGen      total 3072K, used 2554K [0x00000000d5580000, 0x00000000d5a00000, 0x0000000100000000)
  eden space 1536K, 99% used [0x00000000d5580000,0x00000000d56fe838,0x00000000d5700000)
  from space 1536K, 66% used [0x00000000d5880000,0x00000000d5980000,0x00000000d5a00000)
  to   space 1536K, 0% used [0x00000000d5700000,0x00000000d5700000,0x00000000d5880000)
 ParOldGen       total 454656K, used 454654K [0x0000000080000000, 0x000000009bc00000, 0x00000000d5580000)
  object space 454656K, 99% used [0x0000000080000000,0x000000009bbffb78,0x000000009bc00000)
 Metaspace       used 80999K, committed 82688K, reserved 1179648K
  class space    used 8284K, committed 9024K, reserved 1048576K
}
Event: 1356.548 GC heap after
{Heap after GC invocations=927 (full 4):
 PSYoungGen      total 3072K, used 1008K [0x00000000d5580000, 0x00000000d5980000, 0x0000000100000000)
  eden space 1536K, 0% used [0x00000000d5580000,0x00000000d5580000,0x00000000d5700000)
  from space 1536K, 65% used [0x00000000d5700000,0x00000000d57fc010,0x00000000d5880000)
  to   space 1024K, 0% used [0x00000000d5880000,0x00000000d5880000,0x00000000d5980000)
 ParOldGen       total 455680K, used 455662K [0x0000000080000000, 0x000000009bd00000, 0x00000000d5580000)
  object space 455680K, 99% used [0x0000000080000000,0x000000009bcfbb78,0x000000009bd00000)
 Metaspace       used 80999K, committed 82688K, reserved 1179648K
  class space    used 8284K, committed 9024K, reserved 1048576K
}
Event: 1356.823 GC heap before
{Heap before GC invocations=928 (full 4):
 PSYoungGen      total 3072K, used 2543K [0x00000000d5580000, 0x00000000d5980000, 0x0000000100000000)
  eden space 1536K, 99% used [0x00000000d5580000,0x00000000d56ffe50,0x00000000d5700000)
  from space 1536K, 65% used [0x00000000d5700000,0x00000000d57fc010,0x00000000d5880000)
  to   space 1024K, 0% used [0x00000000d5880000,0x00000000d5880000,0x00000000d5980000)
 ParOldGen       total 455680K, used 455662K [0x0000000080000000, 0x000000009bd00000, 0x00000000d5580000)
  object space 455680K, 99% used [0x0000000080000000,0x000000009bcfbb78,0x000000009bd00000)
 Metaspace       used 80999K, committed 82688K, reserved 1179648K
  class space    used 8284K, committed 9024K, reserved 1048576K
}
Event: 1356.827 GC heap after
{Heap after GC invocations=928 (full 4):
 PSYoungGen      total 2560K, used 144K [0x00000000d5580000, 0x00000000d5900000, 0x0000000100000000)
  eden space 2048K, 0% used [0x00000000d5580000,0x00000000d5580000,0x00000000d5780000)
  from space 512K, 28% used [0x00000000d5880000,0x00000000d58a4010,0x00000000d5900000)
  to   space 512K, 0% used [0x00000000d5800000,0x00000000d5800000,0x00000000d5880000)
 ParOldGen       total 456704K, used 456588K [0x0000000080000000, 0x000000009be00000, 0x00000000d5580000)
  object space 456704K, 99% used [0x0000000080000000,0x000000009bde31a8,0x000000009be00000)
 Metaspace       used 80999K, committed 82688K, reserved 1179648K
  class space    used 8284K, committed 9024K, reserved 1048576K
}
Event: 1356.840 GC heap before
{Heap before GC invocations=929 (full 4):
 PSYoungGen      total 2560K, used 2192K [0x00000000d5580000, 0x00000000d5900000, 0x0000000100000000)
  eden space 2048K, 100% used [0x00000000d5580000,0x00000000d5780000,0x00000000d5780000)
  from space 512K, 28% used [0x00000000d5880000,0x00000000d58a4010,0x00000000d5900000)
  to   space 512K, 0% used [0x00000000d5800000,0x00000000d5800000,0x00000000d5880000)
 ParOldGen       total 456704K, used 456588K [0x0000000080000000, 0x000000009be00000, 0x00000000d5580000)
  object space 456704K, 99% used [0x0000000080000000,0x000000009bde31a8,0x000000009be00000)
 Metaspace       used 80999K, committed 82688K, reserved 1179648K
  class space    used 8284K, committed 9024K, reserved 1048576K
}
Event: 1356.843 GC heap after
{Heap after GC invocations=929 (full 4):
 PSYoungGen      total 3072K, used 336K [0x00000000d5580000, 0x00000000d5900000, 0x0000000100000000)
  eden space 2560K, 0% used [0x00000000d5580000,0x00000000d5580000,0x00000000d5800000)
  from space 512K, 65% used [0x00000000d5800000,0x00000000d5854010,0x00000000d5880000)
  to   space 512K, 0% used [0x00000000d5880000,0x00000000d5880000,0x00000000d5900000)
 ParOldGen       total 456704K, used 456633K [0x0000000080000000, 0x000000009be00000, 0x00000000d5580000)
  object space 456704K, 99% used [0x0000000080000000,0x000000009bdee7d8,0x000000009be00000)
 Metaspace       used 80999K, committed 82688K, reserved 1179648K
  class space    used 8284K, committed 9024K, reserved 1048576K
}
Event: 1357.992 GC heap before
{Heap before GC invocations=930 (full 4):
 PSYoungGen      total 3072K, used 2896K [0x00000000d5580000, 0x00000000d5900000, 0x0000000100000000)
  eden space 2560K, 100% used [0x00000000d5580000,0x00000000d5800000,0x00000000d5800000)
  from space 512K, 65% used [0x00000000d5800000,0x00000000d5854010,0x00000000d5880000)
  to   space 512K, 0% used [0x00000000d5880000,0x00000000d5880000,0x00000000d5900000)
 ParOldGen       total 456704K, used 456633K [0x0000000080000000, 0x000000009be00000, 0x00000000d5580000)
  object space 456704K, 99% used [0x0000000080000000,0x000000009bdee7d8,0x000000009be00000)
 Metaspace       used 81002K, committed 82688K, reserved 1179648K
  class space    used 8284K, committed 9024K, reserved 1048576K
}
Event: 1357.994 GC heap after
{Heap after GC invocations=930 (full 4):
 PSYoungGen      total 3072K, used 304K [0x00000000d5580000, 0x00000000d5900000, 0x0000000100000000)
  eden space 2560K, 0% used [0x00000000d5580000,0x00000000d5580000,0x00000000d5800000)
  from space 512K, 59% used [0x00000000d5880000,0x00000000d58cc030,0x00000000d5900000)
  to   space 512K, 0% used [0x00000000d5800000,0x00000000d5800000,0x00000000d5880000)
 ParOldGen       total 456704K, used 456641K [0x0000000080000000, 0x000000009be00000, 0x00000000d5580000)
  object space 456704K, 99% used [0x0000000080000000,0x000000009bdf07d8,0x000000009be00000)
 Metaspace       used 81002K, committed 82688K, reserved 1179648K
  class space    used 8284K, committed 9024K, reserved 1048576K
}

Dll operation events (10 events):
Event: 0.035 Loaded shared library c:\Users\gusta\.vscode\extensions\redhat.java-1.45.0-win32-x64\jre\21.0.8-win32-x86_64\bin\java.dll
Event: 0.492 Loaded shared library c:\Users\gusta\.vscode\extensions\redhat.java-1.45.0-win32-x64\jre\21.0.8-win32-x86_64\bin\zip.dll
Event: 0.618 Loaded shared library C:\Users\gusta\.vscode\extensions\redhat.java-1.45.0-win32-x64\jre\21.0.8-win32-x86_64\bin\instrument.dll
Event: 0.633 Loaded shared library C:\Users\gusta\.vscode\extensions\redhat.java-1.45.0-win32-x64\jre\21.0.8-win32-x86_64\bin\net.dll
Event: 0.650 Loaded shared library C:\Users\gusta\.vscode\extensions\redhat.java-1.45.0-win32-x64\jre\21.0.8-win32-x86_64\bin\nio.dll
Event: 0.658 Loaded shared library C:\Users\gusta\.vscode\extensions\redhat.java-1.45.0-win32-x64\jre\21.0.8-win32-x86_64\bin\zip.dll
Event: 0.778 Loaded shared library C:\Users\gusta\.vscode\extensions\redhat.java-1.45.0-win32-x64\jre\21.0.8-win32-x86_64\bin\jimage.dll
Event: 1.350 Loaded shared library c:\Users\gusta\.vscode\extensions\redhat.java-1.45.0-win32-x64\jre\21.0.8-win32-x86_64\bin\verify.dll
Event: 5.284 Loaded shared library C:\Users\gusta\AppData\Roaming\Code\User\globalStorage\redhat.java\1.45.0\config_win\org.eclipse.equinox.launcher\org.eclipse.equinox.launcher.win32.win32.x86_64_1.2.1400.v20250801-0854\eclipse_11916.dll
Event: 12.180 Loaded shared library C:\Users\gusta\AppData\Local\Temp\jna-98722418\jna84993565577043250.dll

Deoptimization events (20 events):
Event: 1336.340 Thread 0x000002ae1c849510 Uncommon trap: trap_request=0xffffffc6 fr.pc=0x000002adcb7b37d8 relative=0x0000000000000358
Event: 1336.340 Thread 0x000002ae1c849510 Uncommon trap: reason=bimorphic_or_optimized_type_check action=maybe_recompile pc=0x000002adcb7b37d8 method=org.eclipse.jdt.internal.corext.dom.SelectionAnalyzer.visitNode(Lorg/eclipse/jdt/core/dom/ASTNode;)Z @ 41 c2
Event: 1336.340 Thread 0x000002ae1c849510 DEOPT PACKING pc=0x000002adcb7b37d8 sp=0x000000b6de8fdd90
Event: 1336.340 Thread 0x000002ae1c849510 DEOPT UNPACKING pc=0x000002adca653a9c sp=0x000000b6de8fdd38 mode 2
Event: 1341.369 Thread 0x000002ae1c847440 DEOPT PACKING pc=0x000002adc3d85169 sp=0x000000b6dcdfdc70
Event: 1341.369 Thread 0x000002ae1c847440 DEOPT UNPACKING pc=0x000002adca654223 sp=0x000000b6dcdfd158 mode 0
Event: 1342.800 Thread 0x000002ae1c846720 DEOPT PACKING pc=0x000002adc5835c97 sp=0x000000b6dccfe510
Event: 1342.800 Thread 0x000002ae1c846720 DEOPT UNPACKING pc=0x000002adca654223 sp=0x000000b6dccfd9d0 mode 0
Event: 1343.124 Thread 0x000002ae1e74ee60 DEOPT PACKING pc=0x000002adc579b1c1 sp=0x000000b6df4fe0f0
Event: 1343.124 Thread 0x000002ae1e74ee60 DEOPT UNPACKING pc=0x000002adca654223 sp=0x000000b6df4fd5d0 mode 0
Event: 1343.715 Thread 0x000002ae1c845370 Uncommon trap: trap_request=0xffffffde fr.pc=0x000002adcafb2b30 relative=0x00000000000005d0
Event: 1343.715 Thread 0x000002ae1c845370 Uncommon trap: reason=class_check action=maybe_recompile pc=0x000002adcafb2b30 method=java.util.HashMap.removeNode(ILjava/lang/Object;Ljava/lang/Object;ZZ)Ljava/util/HashMap$Node; @ 143 c2
Event: 1343.715 Thread 0x000002ae1c845370 DEOPT PACKING pc=0x000002adcafb2b30 sp=0x000000b6de7feec0
Event: 1343.715 Thread 0x000002ae1c845370 DEOPT UNPACKING pc=0x000002adca653a9c sp=0x000000b6de7fedb8 mode 2
Event: 1353.299 Thread 0x000002ae1cf63860 DEOPT PACKING pc=0x000002adc5835c97 sp=0x000000b6debfe720
Event: 1353.299 Thread 0x000002ae1cf63860 DEOPT UNPACKING pc=0x000002adca654223 sp=0x000000b6debfdbe0 mode 0
Event: 1356.114 Thread 0x000002ae1c845370 Uncommon trap: trap_request=0xffffff45 fr.pc=0x000002adcbb24660 relative=0x0000000000001bc0
Event: 1356.114 Thread 0x000002ae1c845370 Uncommon trap: reason=unstable_if action=reinterpret pc=0x000002adcbb24660 method=com.sun.jna.internal.Cleaner.remove(Lcom/sun/jna/internal/Cleaner$CleanerRef;)Z @ 14 c2
Event: 1356.114 Thread 0x000002ae1c845370 DEOPT PACKING pc=0x000002adcbb24660 sp=0x000000b6de7fde70
Event: 1356.115 Thread 0x000002ae1c845370 DEOPT UNPACKING pc=0x000002adca653a9c sp=0x000000b6de7fdb90 mode 2

Classes loaded (20 events):
Event: 235.612 Loading class java/util/concurrent/ConcurrentHashMap$TreeBin
Event: 235.612 Loading class java/util/concurrent/ConcurrentHashMap$TreeBin done
Event: 321.965 Loading class java/util/stream/Nodes$CollectorTask$OfRef
Event: 322.068 Loading class java/util/stream/Nodes$CollectorTask
Event: 322.213 Loading class java/util/stream/Nodes$CollectorTask done
Event: 322.213 Loading class java/util/stream/Nodes$CollectorTask$OfRef done
Event: 322.282 Loading class java/util/function/LongFunction
Event: 322.376 Loading class java/util/function/LongFunction done
Event: 322.377 Loading class java/util/stream/Nodes$ConcNode
Event: 322.430 Loading class java/util/stream/Nodes$AbstractConcNode
Event: 322.494 Loading class java/util/stream/Nodes$AbstractConcNode done
Event: 322.494 Loading class java/util/stream/Nodes$ConcNode done
Event: 324.938 Loading class java/io/ObjectOutputStream$BlockDataOutputStream
Event: 325.005 Loading class java/io/ObjectOutputStream$BlockDataOutputStream done
Event: 325.005 Loading class java/io/ObjectOutputStream$HandleTable
Event: 325.005 Loading class java/io/ObjectOutputStream$HandleTable done
Event: 325.006 Loading class java/io/ObjectOutputStream$ReplaceTable
Event: 325.006 Loading class java/io/ObjectOutputStream$ReplaceTable done
Event: 437.447 Loading class java/lang/StringLatin1$CharsSpliterator
Event: 437.450 Loading class java/lang/StringLatin1$CharsSpliterator done

Classes unloaded (8 events):
Event: 14.297 Thread 0x000002adbff99c80 Unloading class 0x000002add81ad000 'java/lang/invoke/LambdaForm$MH+0x000002add81ad000'
Event: 14.297 Thread 0x000002adbff99c80 Unloading class 0x000002add81acc00 'java/lang/invoke/LambdaForm$MH+0x000002add81acc00'
Event: 14.297 Thread 0x000002adbff99c80 Unloading class 0x000002add81ac800 'java/lang/invoke/LambdaForm$MH+0x000002add81ac800'
Event: 14.297 Thread 0x000002adbff99c80 Unloading class 0x000002add81ac400 'java/lang/invoke/LambdaForm$MH+0x000002add81ac400'
Event: 14.297 Thread 0x000002adbff99c80 Unloading class 0x000002add81ac000 'java/lang/invoke/LambdaForm$BMH+0x000002add81ac000'
Event: 14.297 Thread 0x000002adbff99c80 Unloading class 0x000002add81abc00 'java/lang/invoke/LambdaForm$DMH+0x000002add81abc00'
Event: 14.297 Thread 0x000002adbff99c80 Unloading class 0x000002add81aa800 'java/lang/invoke/LambdaForm$DMH+0x000002add81aa800'
Event: 31.939 Thread 0x000002adbff99c80 Unloading class 0x000002add869c800 'java/lang/invoke/LambdaForm$DMH+0x000002add869c800'

Classes redefined (0 events):
No events

Internal exceptions (20 events):
Event: 1324.852 Thread 0x000002ae1cf631d0 Exception <a 'sun/nio/fs/WindowsException'{0x00000000d55c43f0}> (0x00000000d55c43f0) 
thrown [s\src\hotspot\share\prims\jni.cpp, line 520]
Event: 1325.121 Thread 0x000002ae1cf631d0 Exception <a 'sun/nio/fs/WindowsException'{0x00000000d561c568}> (0x00000000d561c568) 
thrown [s\src\hotspot\share\prims\jni.cpp, line 520]
Event: 1326.509 Thread 0x000002ae1cf631d0 Exception <a 'sun/nio/fs/WindowsException'{0x00000000d5586c28}> (0x00000000d5586c28) 
thrown [s\src\hotspot\share\prims\jni.cpp, line 520]
Event: 1326.792 Thread 0x000002ae1cf631d0 Exception <a 'sun/nio/fs/WindowsException'{0x00000000d55a69e8}> (0x00000000d55a69e8) 
thrown [s\src\hotspot\share\prims\jni.cpp, line 520]
Event: 1328.806 Thread 0x000002ae1cf631d0 Exception <a 'sun/nio/fs/WindowsException'{0x00000000d55ea258}> (0x00000000d55ea258) 
thrown [s\src\hotspot\share\prims\jni.cpp, line 520]
Event: 1329.879 Thread 0x000002ae1cf631d0 Exception <a 'sun/nio/fs/WindowsException'{0x00000000d559e4f0}> (0x00000000d559e4f0) 
thrown [s\src\hotspot\share\prims\jni.cpp, line 520]
Event: 1331.441 Thread 0x000002ae1cf631d0 Exception <a 'sun/nio/fs/WindowsException'{0x00000000d5595358}> (0x00000000d5595358) 
thrown [s\src\hotspot\share\prims\jni.cpp, line 520]
Event: 1331.952 Thread 0x000002ae1cf631d0 Exception <a 'sun/nio/fs/WindowsException'{0x00000000d56b4cb0}> (0x00000000d56b4cb0) 
thrown [s\src\hotspot\share\prims\jni.cpp, line 520]
Event: 1338.756 Thread 0x000002ae1cf631d0 Exception <a 'sun/nio/fs/WindowsException'{0x00000000d561b8f0}> (0x00000000d561b8f0) 
thrown [s\src\hotspot\share\prims\jni.cpp, line 520]
Event: 1340.051 Thread 0x000002ae1cf631d0 Exception <a 'sun/nio/fs/WindowsException'{0x00000000d5700500}> (0x00000000d5700500) 
thrown [s\src\hotspot\share\prims\jni.cpp, line 520]
Event: 1343.219 Thread 0x000002ae1cf631d0 Exception <a 'sun/nio/fs/WindowsException'{0x00000000d57d9958}> (0x00000000d57d9958) 
thrown [s\src\hotspot\share\prims\jni.cpp, line 520]
Event: 1343.821 Thread 0x000002ae1cf631d0 Exception <a 'sun/nio/fs/WindowsException'{0x00000000d5648ae0}> (0x00000000d5648ae0) 
thrown [s\src\hotspot\share\prims\jni.cpp, line 520]
Event: 1348.482 Thread 0x000002ae1cf631d0 Exception <a 'sun/nio/fs/WindowsException'{0x00000000d55bb920}> (0x00000000d55bb920) 
thrown [s\src\hotspot\share\prims\jni.cpp, line 520]
Event: 1348.693 Thread 0x000002ae1cf631d0 Exception <a 'sun/nio/fs/WindowsException'{0x00000000d56054c8}> (0x00000000d56054c8) 
thrown [s\src\hotspot\share\prims\jni.cpp, line 520]
Event: 1351.587 Thread 0x000002ae1cf631d0 Exception <a 'sun/nio/fs/WindowsException'{0x00000000d5637a40}> (0x00000000d5637a40) 
thrown [s\src\hotspot\share\prims\jni.cpp, line 520]
Event: 1352.201 Thread 0x000002ae1cf631d0 Exception <a 'sun/nio/fs/WindowsException'{0x00000000d5587da0}> (0x00000000d5587da0) 
thrown [s\src\hotspot\share\prims\jni.cpp, line 520]
Event: 1353.534 Thread 0x000002ae1cf631d0 Exception <a 'sun/nio/fs/WindowsException'{0x00000000d56ab778}> (0x00000000d56ab778) 
thrown [s\src\hotspot\share\prims\jni.cpp, line 520]
Event: 1354.159 Thread 0x000002ae1cf631d0 Exception <a 'sun/nio/fs/WindowsException'{0x00000000d560b3c8}> (0x00000000d560b3c8) 
thrown [s\src\hotspot\share\prims\jni.cpp, line 520]
Event: 1355.913 Thread 0x000002ae1cf631d0 Exception <a 'sun/nio/fs/WindowsException'{0x00000000d5672578}> (0x00000000d5672578) 
thrown [s\src\hotspot\share\prims\jni.cpp, line 520]
Event: 1356.509 Thread 0x000002ae1cf631d0 Exception <a 'sun/nio/fs/WindowsException'{0x00000000d56b5598}> (0x00000000d56b5598) 
thrown [s\src\hotspot\share\prims\jni.cpp, line 520]

ZGC Phase Switch (0 events):
No events

VM Operations (20 events):
Event: 1356.369 Executing VM operation: ParallelGCFailedAllocation (Allocation Failure)
Event: 1356.373 Executing VM operation: ParallelGCFailedAllocation (Allocation Failure) done
Event: 1356.389 Executing VM operation: ParallelGCFailedAllocation (Allocation Failure)
Event: 1356.394 Executing VM operation: ParallelGCFailedAllocation (Allocation Failure) done
Event: 1356.413 Executing VM operation: ParallelGCFailedAllocation (Allocation Failure)
Event: 1356.417 Executing VM operation: ParallelGCFailedAllocation (Allocation Failure) done
Event: 1356.421 Executing VM operation: ParallelGCFailedAllocation (Allocation Failure)
Event: 1356.425 Executing VM operation: ParallelGCFailedAllocation (Allocation Failure) done
Event: 1356.429 Executing VM operation: ParallelGCFailedAllocation (Allocation Failure)
Event: 1356.433 Executing VM operation: ParallelGCFailedAllocation (Allocation Failure) done
Event: 1356.437 Executing VM operation: ParallelGCFailedAllocation (Allocation Failure)
Event: 1356.443 Executing VM operation: ParallelGCFailedAllocation (Allocation Failure) done
Event: 1356.543 Executing VM operation: ParallelGCFailedAllocation (Allocation Failure)
Event: 1356.548 Executing VM operation: ParallelGCFailedAllocation (Allocation Failure) done
Event: 1356.823 Executing VM operation: ParallelGCFailedAllocation (Allocation Failure)
Event: 1356.827 Executing VM operation: ParallelGCFailedAllocation (Allocation Failure) done
Event: 1356.840 Executing VM operation: ParallelGCFailedAllocation (Allocation Failure)
Event: 1356.843 Executing VM operation: ParallelGCFailedAllocation (Allocation Failure) done
Event: 1357.992 Executing VM operation: ParallelGCFailedAllocation (Allocation Failure)
Event: 1357.994 Executing VM operation: ParallelGCFailedAllocation (Allocation Failure) done

Memory protections (0 events):
No events

Nmethod flushes (20 events):
Event: 190.407 Thread 0x000002adbff99c80 flushing  nmethod 0x000002adc4034110
Event: 190.407 Thread 0x000002adbff99c80 flushing  nmethod 0x000002adc4035010
Event: 190.407 Thread 0x000002adbff99c80 flushing  nmethod 0x000002adc4035510
Event: 190.407 Thread 0x000002adbff99c80 flushing  nmethod 0x000002adc4041690
Event: 190.408 Thread 0x000002adbff99c80 flushing  nmethod 0x000002adc404b410
Event: 190.408 Thread 0x000002adbff99c80 flushing  nmethod 0x000002adc404bc90
Event: 190.408 Thread 0x000002adbff99c80 flushing  nmethod 0x000002adc4053b90
Event: 190.408 Thread 0x000002adbff99c80 flushing  nmethod 0x000002adc4056d10
Event: 190.408 Thread 0x000002adbff99c80 flushing  nmethod 0x000002adc4061610
Event: 190.408 Thread 0x000002adbff99c80 flushing  nmethod 0x000002adc4064a10
Event: 190.408 Thread 0x000002adbff99c80 flushing  nmethod 0x000002adc4068090
Event: 190.408 Thread 0x000002adbff99c80 flushing  nmethod 0x000002adc406dd90
Event: 190.408 Thread 0x000002adbff99c80 flushing  nmethod 0x000002adc406e990
Event: 190.408 Thread 0x000002adbff99c80 flushing  nmethod 0x000002adc406f790
Event: 190.408 Thread 0x000002adbff99c80 flushing  nmethod 0x000002adc407a910
Event: 190.408 Thread 0x000002adbff99c80 flushing  nmethod 0x000002adc4084710
Event: 190.408 Thread 0x000002adbff99c80 flushing  nmethod 0x000002adc408c690
Event: 190.408 Thread 0x000002adbff99c80 flushing  nmethod 0x000002adc40a5890
Event: 190.408 Thread 0x000002adbff99c80 flushing  nmethod 0x000002adc40fc610
Event: 190.408 Thread 0x000002adbff99c80 flushing  nmethod 0x000002adc4109910

Events (20 events):
Event: 1355.862 Thread 0x000002ae1c848e80 Thread exited: 0x000002ae1c848e80
Event: 1356.298 Thread 0x000002ae1e74ee60 Thread added: 0x000002ae1c847ad0
Event: 1356.362 Thread 0x000002ae1c847ad0 Thread exited: 0x000002ae1c847ad0
Event: 1356.537 Thread 0x000002ae1e74ee60 Thread added: 0x000002ae1c847ad0
Event: 1356.550 Thread 0x000002ae1c847ad0 Thread exited: 0x000002ae1c847ad0
Event: 1356.551 Thread 0x000002ae1e74ee60 Thread added: 0x000002ae1c847ad0
Event: 1356.554 Thread 0x000002ae1c847ad0 Thread exited: 0x000002ae1c847ad0
Event: 1357.371 Thread 0x000002ae1e74ee60 Thread added: 0x000002ae1c849510
Event: 1357.372 Thread 0x000002ae1e74ee60 Thread added: 0x000002ae1c8487f0
Event: 1357.374 Thread 0x000002ae1c849510 Thread exited: 0x000002ae1c849510
Event: 1357.381 Thread 0x000002ae1c8487f0 Thread exited: 0x000002ae1c8487f0
Event: 1357.546 Thread 0x000002ae1e74ee60 Thread added: 0x000002ae1c847ad0
Event: 1357.558 Thread 0x000002ae1e74ee60 Thread added: 0x000002ae1c848160
Event: 1357.558 Thread 0x000002ae1c847ad0 Thread exited: 0x000002ae1c847ad0
Event: 1357.580 Thread 0x000002ae1c848160 Thread exited: 0x000002ae1c848160
Event: 1357.788 Thread 0x000002ae1e74ee60 Thread added: 0x000002ae1c847ad0
Event: 1357.793 Thread 0x000002ae1c847ad0 Thread exited: 0x000002ae1c847ad0
Event: 1357.985 Thread 0x000002ae1e74ee60 Thread added: 0x000002ae1c847ad0
Event: 1358.008 Thread 0x000002ae1c847ad0 Thread exited: 0x000002ae1c847ad0
Event: 1358.240 Thread 0x000002ae1e74ee60 Thread added: 0x000002ae1c847ad0


Dynamic libraries:
0x00007ff79c580000 - 0x00007ff79c58e000 	c:\Users\gusta\.vscode\extensions\redhat.java-1.45.0-win32-x64\jre\21.0.8-win32-x86_64\bin\java.exe
0x00007ffc7c080000 - 0x00007ffc7c2e8000 	C:\WINDOWS\SYSTEM32\ntdll.dll
0x00007ffc7a330000 - 0x00007ffc7a3f9000 	C:\WINDOWS\System32\KERNEL32.DLL
0x00007ffc797a0000 - 0x00007ffc79b8d000 	C:\WINDOWS\System32\KERNELBASE.dll
0x00007ffc79280000 - 0x00007ffc793cb000 	C:\WINDOWS\System32\ucrtbase.dll
0x00007ffc6b3e0000 - 0x00007ffc6b3f8000 	c:\Users\gusta\.vscode\extensions\redhat.java-1.45.0-win32-x64\jre\21.0.8-win32-x86_64\bin\jli.dll
0x00007ffc79e80000 - 0x00007ffc7a04c000 	C:\WINDOWS\System32\USER32.dll
0x00007ffc793d0000 - 0x00007ffc793f7000 	C:\WINDOWS\System32\win32u.dll
0x00007ffc7adb0000 - 0x00007ffc7addb000 	C:\WINDOWS\System32\GDI32.dll
0x00007ffc79ce0000 - 0x00007ffc79e17000 	C:\WINDOWS\System32\gdi32full.dll
0x00007ffc791d0000 - 0x00007ffc79273000 	C:\WINDOWS\System32\msvcp_win.dll
0x00007ffc69a10000 - 0x00007ffc69a2e000 	c:\Users\gusta\.vscode\extensions\redhat.java-1.45.0-win32-x64\jre\21.0.8-win32-x86_64\bin\VCRUNTIME140.dll
0x00007ffc64c50000 - 0x00007ffc64eea000 	C:\WINDOWS\WinSxS\amd64_microsoft.windows.common-controls_6595b64144ccf1df_6.0.26100.4484_none_3e0e6d4ce32ef3b3\COMCTL32.dll
0x00007ffc7af00000 - 0x00007ffc7afa9000 	C:\WINDOWS\System32\msvcrt.dll
0x00007ffc7a580000 - 0x00007ffc7a5af000 	C:\WINDOWS\System32\IMM32.DLL
0x00007ffc6add0000 - 0x00007ffc6addc000 	c:\Users\gusta\.vscode\extensions\redhat.java-1.45.0-win32-x64\jre\21.0.8-win32-x86_64\bin\vcruntime140_1.dll
0x00007ffc34840000 - 0x00007ffc348cd000 	c:\Users\gusta\.vscode\extensions\redhat.java-1.45.0-win32-x64\jre\21.0.8-win32-x86_64\bin\msvcp140.dll
0x00007ffbf72e0000 - 0x00007ffbf8077000 	c:\Users\gusta\.vscode\extensions\redhat.java-1.45.0-win32-x64\jre\21.0.8-win32-x86_64\bin\server\jvm.dll
0x00007ffc7bc00000 - 0x00007ffc7bcb4000 	C:\WINDOWS\System32\ADVAPI32.dll
0x00007ffc7ad00000 - 0x00007ffc7ada6000 	C:\WINDOWS\System32\sechost.dll
0x00007ffc7ade0000 - 0x00007ffc7aef8000 	C:\WINDOWS\System32\RPCRT4.dll
0x00007ffc7a5c0000 - 0x00007ffc7a634000 	C:\WINDOWS\System32\WS2_32.dll
0x00007ffc77df0000 - 0x00007ffc77e4e000 	C:\WINDOWS\SYSTEM32\POWRPROF.dll
0x00007ffc628d0000 - 0x00007ffc62905000 	C:\WINDOWS\SYSTEM32\WINMM.dll
0x00007ffc6a4d0000 - 0x00007ffc6a4db000 	C:\WINDOWS\SYSTEM32\VERSION.dll
0x00007ffc77dd0000 - 0x00007ffc77de4000 	C:\WINDOWS\SYSTEM32\UMPDC.dll
0x00007ffc77ff0000 - 0x00007ffc7800b000 	C:\WINDOWS\SYSTEM32\kernel.appcore.dll
0x00007ffc69a00000 - 0x00007ffc69a0a000 	c:\Users\gusta\.vscode\extensions\redhat.java-1.45.0-win32-x64\jre\21.0.8-win32-x86_64\bin\jimage.dll
0x00007ffc76b30000 - 0x00007ffc76d71000 	C:\WINDOWS\SYSTEM32\DBGHELP.DLL
0x00007ffc7b860000 - 0x00007ffc7bbe6000 	C:\WINDOWS\System32\combase.dll
0x00007ffc7bf50000 - 0x00007ffc7c030000 	C:\WINDOWS\System32\OLEAUT32.dll
0x00007ffc66e90000 - 0x00007ffc66ed3000 	C:\WINDOWS\SYSTEM32\dbgcore.DLL
0x00007ffc79580000 - 0x00007ffc79619000 	C:\WINDOWS\System32\bcryptPrimitives.dll
0x00007ffc699f0000 - 0x00007ffc699ff000 	c:\Users\gusta\.vscode\extensions\redhat.java-1.45.0-win32-x64\jre\21.0.8-win32-x86_64\bin\instrument.dll
0x00007ffc66d10000 - 0x00007ffc66d2f000 	c:\Users\gusta\.vscode\extensions\redhat.java-1.45.0-win32-x64\jre\21.0.8-win32-x86_64\bin\java.dll
0x00007ffc7b110000 - 0x00007ffc7b85a000 	C:\WINDOWS\System32\SHELL32.dll
0x00007ffc79400000 - 0x00007ffc79574000 	C:\WINDOWS\System32\wintypes.dll
0x00007ffc76e70000 - 0x00007ffc776cb000 	C:\WINDOWS\SYSTEM32\windows.storage.dll
0x00007ffc7a480000 - 0x00007ffc7a575000 	C:\WINDOWS\System32\SHCORE.dll
0x00007ffc7a640000 - 0x00007ffc7a6aa000 	C:\WINDOWS\System32\shlwapi.dll
0x00007ffc790b0000 - 0x00007ffc790df000 	C:\WINDOWS\SYSTEM32\profapi.dll
0x00007ffc659d0000 - 0x00007ffc659e8000 	c:\Users\gusta\.vscode\extensions\redhat.java-1.45.0-win32-x64\jre\21.0.8-win32-x86_64\bin\zip.dll
0x00007ffc699e0000 - 0x00007ffc699f0000 	C:\Users\gusta\.vscode\extensions\redhat.java-1.45.0-win32-x64\jre\21.0.8-win32-x86_64\bin\net.dll
0x00007ffc68c40000 - 0x00007ffc68d5e000 	C:\WINDOWS\SYSTEM32\WINHTTP.dll
0x00007ffc78620000 - 0x00007ffc7868a000 	C:\WINDOWS\system32\mswsock.dll
0x00007ffc5a980000 - 0x00007ffc5a996000 	C:\Users\gusta\.vscode\extensions\redhat.java-1.45.0-win32-x64\jre\21.0.8-win32-x86_64\bin\nio.dll
0x00007ffc68e30000 - 0x00007ffc68e40000 	c:\Users\gusta\.vscode\extensions\redhat.java-1.45.0-win32-x64\jre\21.0.8-win32-x86_64\bin\verify.dll
0x00007ffc347f0000 - 0x00007ffc34834000 	C:\Users\gusta\AppData\Roaming\Code\User\globalStorage\redhat.java\1.45.0\config_win\org.eclipse.equinox.launcher\org.eclipse.equinox.launcher.win32.win32.x86_64_1.2.1400.v20250801-0854\eclipse_11916.dll
0x00007ffc7ab50000 - 0x00007ffc7acee000 	C:\WINDOWS\System32\ole32.dll
0x00007ffc788d0000 - 0x00007ffc788eb000 	C:\WINDOWS\SYSTEM32\CRYPTSP.dll
0x00007ffc78010000 - 0x00007ffc7804b000 	C:\WINDOWS\system32\rsaenh.dll
0x00007ffc786c0000 - 0x00007ffc786eb000 	C:\WINDOWS\SYSTEM32\USERENV.dll
0x00007ffc790f0000 - 0x00007ffc79116000 	C:\WINDOWS\SYSTEM32\bcrypt.dll
0x00007ffc788f0000 - 0x00007ffc788fc000 	C:\WINDOWS\SYSTEM32\CRYPTBASE.dll
0x00007ffc77ae0000 - 0x00007ffc77b13000 	C:\WINDOWS\SYSTEM32\IPHLPAPI.DLL
0x00007ffc7bdc0000 - 0x00007ffc7bdca000 	C:\WINDOWS\System32\NSI.dll
0x00007ffc347a0000 - 0x00007ffc347e9000 	C:\Users\gusta\AppData\Local\Temp\jna-98722418\jna84993565577043250.dll
0x00007ffc7bbf0000 - 0x00007ffc7bbf8000 	C:\WINDOWS\System32\PSAPI.DLL
0x00007ffc69470000 - 0x00007ffc6948f000 	C:\WINDOWS\SYSTEM32\dhcpcsvc6.DLL
0x00007ffc685a0000 - 0x00007ffc685c5000 	C:\WINDOWS\SYSTEM32\dhcpcsvc.DLL

JVMTI agents:
c:\Users\gusta\.vscode\extensions\redhat.java-1.45.0-win32-x64\lombok\lombok-1.18.39-4050.jar path:c:\Users\gusta\.vscode\extensions\redhat.java-1.45.0-win32-x64\jre\21.0.8-win32-x86_64\bin\instrument.dll, loaded, initialized, instrumentlib options:none

dbghelp: loaded successfully - version: 4.0.5 - missing functions: none
symbol engine: initialized successfully - sym options: 0x614 - pdb path: .;c:\Users\gusta\.vscode\extensions\redhat.java-1.45.0-win32-x64\jre\21.0.8-win32-x86_64\bin;C:\WINDOWS\SYSTEM32;C:\WINDOWS\WinSxS\amd64_microsoft.windows.common-controls_6595b64144ccf1df_6.0.26100.4484_none_3e0e6d4ce32ef3b3;c:\Users\gusta\.vscode\extensions\redhat.java-1.45.0-win32-x64\jre\21.0.8-win32-x86_64\bin\server;C:\Users\gusta\AppData\Roaming\Code\User\globalStorage\redhat.java\1.45.0\config_win\org.eclipse.equinox.launcher\org.eclipse.equinox.launcher.win32.win32.x86_64_1.2.1400.v20250801-0854;C:\Users\gusta\AppData\Local\Temp\jna-98722418

VM Arguments:
jvm_args: --add-modules=ALL-SYSTEM --add-opens=java.base/java.util=ALL-UNNAMED --add-opens=java.base/java.lang=ALL-UNNAMED --add-opens=java.base/sun.nio.fs=ALL-UNNAMED -Declipse.application=org.eclipse.jdt.ls.core.id1 -Dosgi.bundles.defaultStartLevel=4 -Declipse.product=org.eclipse.jdt.ls.core.product -Djava.import.generatesMetadataFilesAtProjectRoot=false -DDetectVMInstallationsJob.disabled=true -Dfile.encoding=utf8 -XX:+UseParallelGC -XX:GCTimeRatio=4 -XX:AdaptiveSizePolicyWeight=90 -Dsun.zip.disableMemoryMapping=true -Xmx2G -Xms100m -Xlog:disable -javaagent:c:\Users\gusta\.vscode\extensions\redhat.java-1.45.0-win32-x64\lombok\lombok-1.18.39-4050.jar -XX:+HeapDumpOnOutOfMemoryError -XX:HeapDumpPath=c:\Users\gusta\AppData\Roaming\Code\User\workspaceStorage\9bf339a5cd1e7817d2ad5bd5f32cb53c\redhat.java -Daether.dependencyCollector.impl=bf 
java_command: c:\Users\gusta\.vscode\extensions\redhat.java-1.45.0-win32-x64\server\plugins\org.eclipse.equinox.launcher_1.7.0.v20250519-0528.jar -configuration c:\Users\gusta\AppData\Roaming\Code\User\globalStorage\redhat.java\1.45.0\config_win -data c:\Users\gusta\AppData\Roaming\Code\User\workspaceStorage\9bf339a5cd1e7817d2ad5bd5f32cb53c\redhat.java\jdt_ws --pipe=\\.\pipe\lsp-27f63253be77405c209989139d7ba5db-sock
java_class_path (initial): c:\Users\gusta\.vscode\extensions\redhat.java-1.45.0-win32-x64\server\plugins\org.eclipse.equinox.launcher_1.7.0.v20250519-0528.jar
Launcher Type: SUN_STANDARD

[Global flags]
    uintx AdaptiveSizePolicyWeight                 = 90                                        {product} {command line}
     intx CICompilerCount                          = 2                                         {product} {ergonomic}
    uintx GCTimeRatio                              = 4                                         {product} {command line}
     bool HeapDumpOnOutOfMemoryError               = true                                   {manageable} {command line}
    ccstr HeapDumpPath                             = c:\Users\gusta\AppData\Roaming\Code\User\workspaceStorage\9bf339a5cd1e7817d2ad5bd5f32cb53c\redhat.java         {manageable} {command line}
   size_t InitialHeapSize                          = 104857600                                 {product} {command line}
   size_t MaxHeapSize                              = 2147483648                                {product} {command line}
   size_t MaxNewSize                               = 715653120                                 {product} {ergonomic}
   size_t MinHeapDeltaBytes                        = 524288                                    {product} {ergonomic}
   size_t MinHeapSize                              = 104857600                                 {product} {command line}
   size_t NewSize                                  = 34603008                                  {product} {ergonomic}
    uintx NonNMethodCodeHeapSize                   = 5826188                                {pd product} {ergonomic}
    uintx NonProfiledCodeHeapSize                  = 122916026                              {pd product} {ergonomic}
   size_t OldSize                                  = 70254592                                  {product} {ergonomic}
    uintx ProfiledCodeHeapSize                     = 122916026                              {pd product} {ergonomic}
    uintx ReservedCodeCacheSize                    = 251658240                              {pd product} {ergonomic}
     bool SegmentedCodeCache                       = true                                      {product} {ergonomic}
   size_t SoftMaxHeapSize                          = 2147483648                             {manageable} {ergonomic}
     bool UseCompressedOops                        = true                           {product lp64_product} {ergonomic}
     bool UseLargePagesIndividualAllocation        = false                                  {pd product} {ergonomic}
     bool UseParallelGC                            = true                                      {product} {command line}

Logging:
Log output configuration:
 #0: stdout all=off uptime,level,tags foldmultilines=false
 #1: stderr all=off uptime,level,tags foldmultilines=false

Environment Variables:
JAVA_HOME=C:\Program Files\jdk-17.0.0.1
PATH=C:\Python313\Scripts\;C:\Python313\;C:\WINDOWS\system32;C:\WINDOWS;C:\WINDOWS\System32\Wbem;C:\WINDOWS\System32\WindowsPowerShell\v1.0\;C:\WINDOWS\System32\OpenSSH\;C:\Program Files\jdk-17.0.0.1\bin;C:\ProgramData\chocolatey\bin;C:\Program Files\Git\cmd;C:\Program Files\nodejs\;C:\apache-maven-3.9.11\bin;C:\Users\gusta\AppData\Local\Microsoft\WindowsApps;C:\Users\gusta\AppData\Local\Programs\Microsoft VS Code\bin;C:\Users\gusta\AppData\Roaming\npm;
USERNAME=gusta
OS=Windows_NT
PROCESSOR_IDENTIFIER=Intel64 Family 6 Model 166 Stepping 0, GenuineIntel
TMP=C:\Users\gusta\AppData\Local\Temp
TEMP=C:\Users\gusta\AppData\Local\Temp




Periodic native trim disabled

---------------  S Y S T E M  ---------------

OS:
 Windows 11 , 64 bit Build 26100 (10.0.26100.4484)
OS uptime: 4 days 9:37 hours

CPU: total 2 (initial active 2) (2 cores per cpu, 1 threads per core) family 6 model 166 stepping 0 microcode 0xe0, cx8, cmov, fxsr, mmx, 3dnowpref, sse, sse2, sse3, ssse3, sse4.1, sse4.2, popcnt, lzcnt, tsc, tscinvbit, aes, erms, clmul, clflush, clflushopt, rdtscp
Processor Information for the first 2 processors :
  Max Mhz: 1896, Current Mhz: 1896, Mhz Limit: 1896

Memory: 4k page, system-wide physical 3910M (142M free)
TotalPageFile size 6982M (AvailPageFile size 2M)
current process WorkingSet (physical memory assigned to process): 444M, peak: 460M
current process commit charge ("private bytes"): 767M, peak: 768M

vm_info: OpenJDK 64-Bit Server VM (21.0.8+9-LTS) for windows-amd64 JRE (21.0.8+9-LTS), built on 2025-07-15T00:00:00Z by "admin" with MS VC++ 17.7 (VS2022)

END.
