#
# There is insufficient memory for the Java Runtime Environment to continue.
# Native memory allocation (malloc) failed to allocate 1048576 bytes. Error detail: AllocateHeap
# Possible reasons:
#   The system is out of physical RAM or swap space
#   This process is running with CompressedOops enabled, and the Java Heap may be blocking the growth of the native heap
# Possible solutions:
#   Reduce memory load on the system
#   Increase physical memory or swap space
#   Check if swap backing store is full
#   Decrease Java heap size (-Xmx/-Xms)
#   Decrease number of Java threads
#   Decrease Java thread stack sizes (-Xss)
#   Set larger code cache with -XX:ReservedCodeCacheSize=
#   JVM is running with Unscaled Compressed Oops mode in which the Java heap is
#     placed in the first 4GB address space. The Java Heap base address is the
#     maximum limit for the native heap growth. Please use -XX:HeapBaseMinAddress
#     to set the Java Heap base and to place the Java Heap above 4GB virtual address.
# This output file may be truncated or incomplete.
#
#  Out of Memory Error (allocation.cpp:44), pid=9984, tid=9300
#
# JRE version: OpenJDK Runtime Environment Temurin-21.0.8+9 (21.0.8+9) (build 21.0.8+9-LTS)
# Java VM: OpenJDK 64-Bit Server VM Temurin-21.0.8+9 (21.0.8+9-LTS, mixed mode, sharing, tiered, compressed oops, compressed class ptrs, parallel gc, windows-amd64)
# No core dump will be written. Minidumps are not enabled by default on client versions of Windows
#

---------------  S U M M A R Y ------------

Command Line: --add-modules=ALL-SYSTEM --add-opens=java.base/java.util=ALL-UNNAMED --add-opens=java.base/java.lang=ALL-UNNAMED --add-opens=java.base/sun.nio.fs=ALL-UNNAMED -Declipse.application=org.eclipse.jdt.ls.core.id1 -Dosgi.bundles.defaultStartLevel=4 -Declipse.product=org.eclipse.jdt.ls.core.product -Djava.import.generatesMetadataFilesAtProjectRoot=false -DDetectVMInstallationsJob.disabled=true -Dfile.encoding=utf8 -XX:+UseParallelGC -XX:GCTimeRatio=4 -XX:AdaptiveSizePolicyWeight=90 -Dsun.zip.disableMemoryMapping=true -Xmx2G -Xms100m -Xlog:disable -javaagent:c:\Users\gusta\.vscode\extensions\redhat.java-1.45.0-win32-x64\lombok\lombok-1.18.39-4050.jar -XX:+HeapDumpOnOutOfMemoryError -XX:HeapDumpPath=c:\Users\gusta\AppData\Roaming\Code\User\workspaceStorage\9bf339a5cd1e7817d2ad5bd5f32cb53c\redhat.java -Daether.dependencyCollector.impl=bf c:\Users\gusta\.vscode\extensions\redhat.java-1.45.0-win32-x64\server\plugins\org.eclipse.equinox.launcher_1.7.0.v20250519-0528.jar -configuration c:\Users\gusta\AppData\Roaming\Code\User\globalStorage\redhat.java\1.45.0\config_win -data c:\Users\gusta\AppData\Roaming\Code\User\workspaceStorage\9bf339a5cd1e7817d2ad5bd5f32cb53c\redhat.java\jdt_ws --pipe=\\.\pipe\lsp-7e730ed4864ac34421aa81cfe813dbdf-sock

Host: Intel(R) Celeron(R) CPU 5205U @ 1.90GHz, 2 cores, 3G,  Windows 11 , 64 bit Build 26100 (10.0.26100.4484)
Time: Wed Sep 10 17:20:15 2025 Hora oficial do Brasil elapsed time: 748.723109 seconds (0d 0h 12m 28s)

---------------  T H R E A D  ---------------

Current thread (0x00000277e5d3df10):  JavaThread "Attach Listener" daemon [_thread_in_vm, id=9300, stack(0x000000ef1a700000,0x000000ef1a800000) (1024K)]

Stack: [0x000000ef1a700000,0x000000ef1a800000]
Native frames: (J=compiled Java code, j=interpreted, Vv=VM code, C=native code)
V  [jvm.dll+0x6d2449]
V  [jvm.dll+0x8ae341]
V  [jvm.dll+0x8b08be]
V  [jvm.dll+0x8b0fa3]
V  [jvm.dll+0x280c96]
V  [jvm.dll+0xc0347]
V  [jvm.dll+0x6d2cf9]
V  [jvm.dll+0x131116]
V  [jvm.dll+0x3f2d16]
V  [jvm.dll+0x857e6b]
V  [jvm.dll+0x6d0b0d]
C  [ucrtbase.dll+0x37b0]
C  [KERNEL32.DLL+0x2e8d7]
C  [ntdll.dll+0x3c34c]


---------------  P R O C E S S  ---------------

Threads class SMR info:
_java_thread_list=0x00000277ee209550, length=33, elements={
0x00000277cf64bee0, 0x00000277e5d38440, 0x00000277e5d3b8c0, 0x00000277e5d3d2c0,
0x00000277e5d3df10, 0x00000277e5d40a70, 0x00000277e5d414c0, 0x00000277e5d422f0,
0x00000277e5dbd2e0, 0x00000277e5e3dca0, 0x00000277e66da1a0, 0x00000277eb44cd40,
0x00000277e5e05dd0, 0x00000277eb108000, 0x00000277eb18e160, 0x00000277e677e1b0,
0x00000277eb9ac6a0, 0x00000277eb75cbe0, 0x00000277eb75df90, 0x00000277eb75b1a0,
0x00000277eb75bec0, 0x00000277ec3d2ea0, 0x00000277ec3d1460, 0x00000277ec3d48e0,
0x00000277ec3d3530, 0x00000277ec3d4f70, 0x00000277ec3d1af0, 0x00000277ec3d6320,
0x00000277ec3d2180, 0x00000277ec3d5c90, 0x00000277ec3d2810, 0x00000277ebe31d70,
0x00000277ebe309c0
}

Java Threads: ( => current thread )
  0x00000277cf64bee0 JavaThread "main"                              [_thread_blocked, id=1216, stack(0x000000ef19f00000,0x000000ef1a000000) (1024K)]
  0x00000277e5d38440 JavaThread "Reference Handler"          daemon [_thread_blocked, id=7772, stack(0x000000ef1a400000,0x000000ef1a500000) (1024K)]
  0x00000277e5d3b8c0 JavaThread "Finalizer"                  daemon [_thread_blocked, id=1708, stack(0x000000ef1a500000,0x000000ef1a600000) (1024K)]
  0x00000277e5d3d2c0 JavaThread "Signal Dispatcher"          daemon [_thread_blocked, id=2104, stack(0x000000ef1a600000,0x000000ef1a700000) (1024K)]
=>0x00000277e5d3df10 JavaThread "Attach Listener"            daemon [_thread_in_vm, id=9300, stack(0x000000ef1a700000,0x000000ef1a800000) (1024K)]
  0x00000277e5d40a70 JavaThread "Service Thread"             daemon [_thread_blocked, id=5104, stack(0x000000ef1a800000,0x000000ef1a900000) (1024K)]
  0x00000277e5d414c0 JavaThread "Monitor Deflation Thread"   daemon [_thread_blocked, id=7416, stack(0x000000ef1a900000,0x000000ef1aa00000) (1024K)]
  0x00000277e5d422f0 JavaThread "C2 CompilerThread0"         daemon [_thread_blocked, id=10156, stack(0x000000ef1aa00000,0x000000ef1ab00000) (1024K)]
  0x00000277e5dbd2e0 JavaThread "C1 CompilerThread0"         daemon [_thread_blocked, id=6836, stack(0x000000ef1ab00000,0x000000ef1ac00000) (1024K)]
  0x00000277e5e3dca0 JavaThread "Common-Cleaner"             daemon [_thread_blocked, id=7868, stack(0x000000ef1ac00000,0x000000ef1ad00000) (1024K)]
  0x00000277e66da1a0 JavaThread "Notification Thread"        daemon [_thread_blocked, id=3696, stack(0x000000ef1ad00000,0x000000ef1ae00000) (1024K)]
  0x00000277eb44cd40 JavaThread "Active Thread: Equinox Container: 31e3accb-5c36-4b2e-adf6-79bd89d6ef7c"        [_thread_blocked, id=11488, stack(0x000000ef1af00000,0x000000ef1b000000) (1024K)]
  0x00000277e5e05dd0 JavaThread "Refresh Thread: Equinox Container: 31e3accb-5c36-4b2e-adf6-79bd89d6ef7c" daemon [_thread_blocked, id=5356, stack(0x000000ef1b000000,0x000000ef1b100000) (1024K)]
  0x00000277eb108000 JavaThread "Framework Event Dispatcher: Equinox Container: 31e3accb-5c36-4b2e-adf6-79bd89d6ef7c" daemon [_thread_blocked, id=10076, stack(0x000000ef1b100000,0x000000ef1b200000) (1024K)]
  0x00000277eb18e160 JavaThread "Start Level: Equinox Container: 31e3accb-5c36-4b2e-adf6-79bd89d6ef7c" daemon [_thread_blocked, id=4696, stack(0x000000ef1b200000,0x000000ef1b300000) (1024K)]
  0x00000277e677e1b0 JavaThread "Bundle File Closer"         daemon [_thread_blocked, id=3988, stack(0x000000ef1b300000,0x000000ef1b400000) (1024K)]
  0x00000277eb9ac6a0 JavaThread "SCR Component Actor"        daemon [_thread_blocked, id=7988, stack(0x000000ef1a000000,0x000000ef1a100000) (1024K)]
  0x00000277eb75cbe0 JavaThread "Worker-JM"                         [_thread_blocked, id=11832, stack(0x000000ef1b400000,0x000000ef1b500000) (1024K)]
  0x00000277eb75df90 JavaThread "JNA Cleaner"                daemon [_thread_blocked, id=12176, stack(0x000000ef1b700000,0x000000ef1b800000) (1024K)]
  0x00000277eb75b1a0 JavaThread "Worker-0"                          [_thread_blocked, id=2368, stack(0x000000ef1b800000,0x000000ef1b900000) (1024K)]
  0x00000277eb75bec0 JavaThread "Java indexing"              daemon [_thread_blocked, id=1380, stack(0x000000ef1bb00000,0x000000ef1bc00000) (1024K)]
  0x00000277ec3d2ea0 JavaThread "Thread-3"                   daemon [_thread_in_native, id=1400, stack(0x000000ef19e00000,0x000000ef19f00000) (1024K)]
  0x00000277ec3d1460 JavaThread "Thread-4"                   daemon [_thread_in_native, id=3016, stack(0x000000ef1c000000,0x000000ef1c100000) (1024K)]
  0x00000277ec3d48e0 JavaThread "Thread-5"                   daemon [_thread_in_native, id=10320, stack(0x000000ef1c100000,0x000000ef1c200000) (1024K)]
  0x00000277ec3d3530 JavaThread "pool-2-thread-1"                   [_thread_blocked, id=10392, stack(0x000000ef1c200000,0x000000ef1c300000) (1024K)]
  0x00000277ec3d4f70 JavaThread "WorkspaceEventsHandler"            [_thread_blocked, id=13284, stack(0x000000ef1c300000,0x000000ef1c400000) (1024K)]
  0x00000277ec3d1af0 JavaThread "pool-1-thread-1"                   [_thread_blocked, id=10948, stack(0x000000ef1c400000,0x000000ef1c500000) (1024K)]
  0x00000277ec3d6320 JavaThread "Cleaner-0"                  daemon [_thread_blocked, id=9848, stack(0x000000ef1be00000,0x000000ef1bf00000) (1024K)]
  0x00000277ec3d2180 JavaThread "Worker-5"                          [_thread_blocked, id=7004, stack(0x000000ef1bc00000,0x000000ef1bd00000) (1024K)]
  0x00000277ec3d5c90 JavaThread "Compiler Processing Task"   daemon [_thread_blocked, id=9392, stack(0x000000ef1b900000,0x000000ef1ba00000) (1024K)]
  0x00000277ec3d2810 JavaThread "Worker-7"                          [_thread_blocked, id=12488, stack(0x000000ef1b500000,0x000000ef1b600000) (1024K)]
  0x00000277ebe31d70 JavaThread "Worker-8"                          [_thread_blocked, id=12828, stack(0x000000ef1c500000,0x000000ef1c600000) (1024K)]
  0x00000277ebe309c0 JavaThread "ForkJoinPool.commonPool-worker-4" daemon [_thread_blocked, id=2476, stack(0x000000ef1ba00000,0x000000ef1bb00000) (1024K)]
Total: 33

Other Threads:
  0x00000277cf70a6d0 VMThread "VM Thread"                           [id=12360, stack(0x000000ef1a300000,0x000000ef1a400000) (1024K)]
  0x00000277e5d1cb00 WatcherThread "VM Periodic Task Thread"        [id=11752, stack(0x000000ef1a200000,0x000000ef1a300000) (1024K)]
  0x00000277cf6691d0 WorkerThread "GC Thread#0"                     [id=1912, stack(0x000000ef1a100000,0x000000ef1a200000) (1024K)]
  0x00000277e64d9bb0 WorkerThread "GC Thread#1"                     [id=3324, stack(0x000000ef1ae00000,0x000000ef1af00000) (1024K)]
Total: 4

Threads with active compile tasks:
Total: 0

VM state: not at safepoint (normal execution)

VM Mutex/Monitor currently owned by a thread: None

Heap address: 0x0000000080000000, size: 2048 MB, Compressed Oops mode: 32-bit

CDS archive(s) mapped at: [0x0000027780000000-0x0000027780ba0000-0x0000027780ba0000), size 12189696, SharedBaseAddress: 0x0000027780000000, ArchiveRelocationMode: 1.
Compressed class space mapped at: 0x0000027781000000-0x00000277c1000000, reserved size: 1073741824
Narrow klass base: 0x0000027780000000, Narrow klass shift: 0, Narrow klass range: 0x100000000

GC Precious Log:
 CardTable entry size: 512
 CPUs: 2 total, 2 available
 Memory: 3910M
 Large Page Support: Disabled
 NUMA Support: Disabled
 Compressed Oops: Enabled (32-bit)
 Alignments: Space 512K, Generation 512K, Heap 2M
 Heap Min Capacity: 100M
 Heap Initial Capacity: 100M
 Heap Max Capacity: 2G
 Pre-touch: Disabled
 Parallel Workers: 2

Heap:
 PSYoungGen      total 2048K, used 906K [0x00000000d5580000, 0x00000000d5980000, 0x0000000100000000)
  eden space 1536K, 54% used [0x00000000d5580000,0x00000000d5652bd0,0x00000000d5700000)
  from space 512K, 12% used [0x00000000d5900000,0x00000000d5910000,0x00000000d5980000)
  to   space 512K, 0% used [0x00000000d5880000,0x00000000d5880000,0x00000000d5900000)
 ParOldGen       total 507904K, used 507454K [0x0000000080000000, 0x000000009f000000, 0x00000000d5580000)
  object space 507904K, 99% used [0x0000000080000000,0x000000009ef8f9b0,0x000000009f000000)
 Metaspace       used 80181K, committed 81856K, reserved 1179648K
  class space    used 8063K, committed 8832K, reserved 1048576K

Card table byte_map: [0x00000277cef00000,0x00000277cf310000] _byte_map_base: 0x00000277ceb00000

Marking Bits: (ParMarkBitMap*) 0x00007ffbf7f9a340
 Begin Bits: [0x00000277e1840000, 0x00000277e3840000)
 End Bits:   [0x00000277e3840000, 0x00000277e5840000)

Polling page: 0x00000277cd580000

Metaspace:

Usage:
  Non-class:     70.43 MB used.
      Class:      7.87 MB used.
       Both:     78.30 MB used.

Virtual space:
  Non-class space:      128.00 MB reserved,      71.31 MB ( 56%) committed,  2 nodes.
      Class space:        1.00 GB reserved,       8.62 MB ( <1%) committed,  1 nodes.
             Both:        1.12 GB reserved,      79.94 MB (  7%) committed. 

Chunk freelists:
   Non-Class:  8.63 MB
       Class:  7.38 MB
        Both:  16.01 MB

MaxMetaspaceSize: unlimited
CompressedClassSpaceSize: 1.00 GB
Initial GC threshold: 21.00 MB
Current GC threshold: 125.94 MB
CDS: on
 - commit_granule_bytes: 65536.
 - commit_granule_words: 8192.
 - virtual_space_node_default_size: 8388608.
 - enlarge_chunks_in_place: 1.
 - use_allocation_guard: 0.


Internal statistics:

num_allocs_failed_limit: 9.
num_arena_births: 1700.
num_arena_deaths: 20.
num_vsnodes_births: 3.
num_vsnodes_deaths: 0.
num_space_committed: 1279.
num_space_uncommitted: 0.
num_chunks_returned_to_freelist: 29.
num_chunks_taken_from_freelist: 5795.
num_chunk_merges: 10.
num_chunk_splits: 3519.
num_chunks_enlarged: 1871.
num_inconsistent_stats: 0.

CodeHeap 'non-profiled nmethods': size=120064Kb used=17732Kb max_used=17732Kb free=102331Kb
 bounds [0x00000277da300000, 0x00000277db460000, 0x00000277e1840000]
CodeHeap 'profiled nmethods': size=120000Kb used=44789Kb max_used=44789Kb free=75210Kb
 bounds [0x00000277d2840000, 0x00000277d5400000, 0x00000277d9d70000]
CodeHeap 'non-nmethods': size=5696Kb used=1470Kb max_used=1555Kb free=4225Kb
 bounds [0x00000277d9d70000, 0x00000277d9fe0000, 0x00000277da300000]
CodeCache: size=245760Kb, used=63991Kb, max_used=64076Kb, free=181766Kb
 total_blobs=18482, nmethods=17694, adapters=692, full_count=0
Compilation: enabled, stopped_count=0, restarted_count=0

Compilation events (20 events):
Event: 748.160 Thread 0x00000277e5dbd2e0 19150   !   3       java.io.ObjectOutputStream::writeSerialData (223 bytes)
Event: 748.162 Thread 0x00000277e5dbd2e0 nmethod 19150 0x00000277d53e9a10 code [0x00000277d53e9ca0, 0x00000277d53ea900]
Event: 748.202 Thread 0x00000277e5dbd2e0 19151       3       org.eclipse.core.internal.resources.SaveManager$$Lambda/0x00000277817f3148::visitElement (35 bytes)
Event: 748.203 Thread 0x00000277e5dbd2e0 nmethod 19151 0x00000277d53eaf90 code [0x00000277d53eb140, 0x00000277d53eb2d8]
Event: 748.203 Thread 0x00000277e5dbd2e0 19152   !   3       org.eclipse.core.internal.resources.SaveManager::lambda$11 (132 bytes)
Event: 748.204 Thread 0x00000277e5dbd2e0 nmethod 19152 0x00000277d53eb390 code [0x00000277d53eb5e0, 0x00000277d53ebdd0]
Event: 748.204 Thread 0x00000277e5dbd2e0 19153       3       org.eclipse.core.internal.resources.MarkerManager::snap (11 bytes)
Event: 748.204 Thread 0x00000277e5dbd2e0 nmethod 19153 0x00000277d53ec310 code [0x00000277d53ec4c0, 0x00000277d53ec608]
Event: 748.262 Thread 0x00000277e5dbd2e0 19154       3       org.eclipse.jdt.core.dom.CompilationUnitResolver::accept (27 bytes)
Event: 748.263 Thread 0x00000277e5dbd2e0 nmethod 19154 0x00000277d53ec710 code [0x00000277d53ec900, 0x00000277d53ecf40]
Event: 748.268 Thread 0x00000277e5dbd2e0 19155       3       org.eclipse.jdt.internal.compiler.lookup.Scope::minimalErasedCandidates (1730 bytes)
Event: 748.273 Thread 0x00000277e5d422f0 19157   !   4       org.eclipse.jdt.core.dom.Assignment::getRightHandSide (60 bytes)
Event: 748.273 Thread 0x00000277e5d422f0 nmethod 19157 0x00000277db450f10 code [0x00000277db4510a0, 0x00000277db451150]
Event: 748.276 Thread 0x00000277e5dbd2e0 nmethod 19155 0x00000277d53ed190 code [0x00000277d53edc80, 0x00000277d53f6160]
Event: 748.277 Thread 0x00000277e5dbd2e0 19156       3       org.eclipse.jdt.core.dom.ASTConverter::convert (56 bytes)
Event: 748.277 Thread 0x00000277e5dbd2e0 nmethod 19156 0x00000277d53f8d90 code [0x00000277d53f8fc0, 0x00000277d53f94c8]
Event: 748.278 Thread 0x00000277e5dbd2e0 19158       3       org.eclipse.jface.text.TreeLineTracker::<init> (175 bytes)
Event: 748.282 Thread 0x00000277e5dbd2e0 nmethod 19158 0x00000277d53f9790 code [0x00000277d53f9a00, 0x00000277d53fa540]
Event: 748.317 Thread 0x00000277e5dbd2e0 19159       3       org.eclipse.core.internal.dtree.AbstractDataTreeNode::compareWith (364 bytes)
Event: 748.319 Thread 0x00000277e5dbd2e0 nmethod 19159 0x00000277d53fa910 code [0x00000277d53fac80, 0x00000277d53fccc0]

GC Heap History (20 events):
Event: 745.039 GC heap before
{Heap before GC invocations=809 (full 4):
 PSYoungGen      total 2048K, used 1824K [0x00000000d5580000, 0x00000000d5980000, 0x0000000100000000)
  eden space 1536K, 100% used [0x00000000d5580000,0x00000000d5700000,0x00000000d5700000)
  from space 512K, 56% used [0x00000000d5900000,0x00000000d5948000,0x00000000d5980000)
  to   space 512K, 0% used [0x00000000d5880000,0x00000000d5880000,0x00000000d5900000)
 ParOldGen       total 505344K, used 505042K [0x0000000080000000, 0x000000009ed80000, 0x00000000d5580000)
  object space 505344K, 99% used [0x0000000080000000,0x000000009ed34900,0x000000009ed80000)
 Metaspace       used 80123K, committed 81856K, reserved 1179648K
  class space    used 8063K, committed 8832K, reserved 1048576K
}
Event: 745.042 GC heap after
{Heap after GC invocations=809 (full 4):
 PSYoungGen      total 2048K, used 480K [0x00000000d5580000, 0x00000000d5980000, 0x0000000100000000)
  eden space 1536K, 0% used [0x00000000d5580000,0x00000000d5580000,0x00000000d5700000)
  from space 512K, 93% used [0x00000000d5880000,0x00000000d58f8020,0x00000000d5900000)
  to   space 512K, 0% used [0x00000000d5900000,0x00000000d5900000,0x00000000d5980000)
 ParOldGen       total 505344K, used 505286K [0x0000000080000000, 0x000000009ed80000, 0x00000000d5580000)
  object space 505344K, 99% used [0x0000000080000000,0x000000009ed71b80,0x000000009ed80000)
 Metaspace       used 80123K, committed 81856K, reserved 1179648K
  class space    used 8063K, committed 8832K, reserved 1048576K
}
Event: 745.056 GC heap before
{Heap before GC invocations=810 (full 4):
 PSYoungGen      total 2048K, used 2016K [0x00000000d5580000, 0x00000000d5980000, 0x0000000100000000)
  eden space 1536K, 100% used [0x00000000d5580000,0x00000000d5700000,0x00000000d5700000)
  from space 512K, 93% used [0x00000000d5880000,0x00000000d58f8020,0x00000000d5900000)
  to   space 512K, 0% used [0x00000000d5900000,0x00000000d5900000,0x00000000d5980000)
 ParOldGen       total 505344K, used 505286K [0x0000000080000000, 0x000000009ed80000, 0x00000000d5580000)
  object space 505344K, 99% used [0x0000000080000000,0x000000009ed71b80,0x000000009ed80000)
 Metaspace       used 80123K, committed 81856K, reserved 1179648K
  class space    used 8063K, committed 8832K, reserved 1048576K
}
Event: 745.059 GC heap after
{Heap after GC invocations=810 (full 4):
 PSYoungGen      total 2048K, used 64K [0x00000000d5580000, 0x00000000d5980000, 0x0000000100000000)
  eden space 1536K, 0% used [0x00000000d5580000,0x00000000d5580000,0x00000000d5700000)
  from space 512K, 12% used [0x00000000d5900000,0x00000000d5910000,0x00000000d5980000)
  to   space 512K, 0% used [0x00000000d5880000,0x00000000d5880000,0x00000000d5900000)
 ParOldGen       total 505856K, used 505366K [0x0000000080000000, 0x000000009ee00000, 0x00000000d5580000)
  object space 505856K, 99% used [0x0000000080000000,0x000000009ed85ba0,0x000000009ee00000)
 Metaspace       used 80123K, committed 81856K, reserved 1179648K
  class space    used 8063K, committed 8832K, reserved 1048576K
}
Event: 745.570 GC heap before
{Heap before GC invocations=811 (full 4):
 PSYoungGen      total 2048K, used 1600K [0x00000000d5580000, 0x00000000d5980000, 0x0000000100000000)
  eden space 1536K, 100% used [0x00000000d5580000,0x00000000d5700000,0x00000000d5700000)
  from space 512K, 12% used [0x00000000d5900000,0x00000000d5910000,0x00000000d5980000)
  to   space 512K, 0% used [0x00000000d5880000,0x00000000d5880000,0x00000000d5900000)
 ParOldGen       total 505856K, used 505366K [0x0000000080000000, 0x000000009ee00000, 0x00000000d5580000)
  object space 505856K, 99% used [0x0000000080000000,0x000000009ed85ba0,0x000000009ee00000)
 Metaspace       used 80123K, committed 81856K, reserved 1179648K
  class space    used 8063K, committed 8832K, reserved 1048576K
}
Event: 745.573 GC heap after
{Heap after GC invocations=811 (full 4):
 PSYoungGen      total 2048K, used 160K [0x00000000d5580000, 0x00000000d5980000, 0x0000000100000000)
  eden space 1536K, 0% used [0x00000000d5580000,0x00000000d5580000,0x00000000d5700000)
  from space 512K, 31% used [0x00000000d5880000,0x00000000d58a8020,0x00000000d5900000)
  to   space 512K, 0% used [0x00000000d5900000,0x00000000d5900000,0x00000000d5980000)
 ParOldGen       total 505856K, used 505374K [0x0000000080000000, 0x000000009ee00000, 0x00000000d5580000)
  object space 505856K, 99% used [0x0000000080000000,0x000000009ed87ba0,0x000000009ee00000)
 Metaspace       used 80123K, committed 81856K, reserved 1179648K
  class space    used 8063K, committed 8832K, reserved 1048576K
}
Event: 745.590 GC heap before
{Heap before GC invocations=812 (full 4):
 PSYoungGen      total 2048K, used 1696K [0x00000000d5580000, 0x00000000d5980000, 0x0000000100000000)
  eden space 1536K, 100% used [0x00000000d5580000,0x00000000d5700000,0x00000000d5700000)
  from space 512K, 31% used [0x00000000d5880000,0x00000000d58a8020,0x00000000d5900000)
  to   space 512K, 0% used [0x00000000d5900000,0x00000000d5900000,0x00000000d5980000)
 ParOldGen       total 505856K, used 505374K [0x0000000080000000, 0x000000009ee00000, 0x00000000d5580000)
  object space 505856K, 99% used [0x0000000080000000,0x000000009ed87ba0,0x000000009ee00000)
 Metaspace       used 80123K, committed 81856K, reserved 1179648K
  class space    used 8063K, committed 8832K, reserved 1048576K
}
Event: 745.595 GC heap after
{Heap after GC invocations=812 (full 4):
 PSYoungGen      total 2048K, used 512K [0x00000000d5580000, 0x00000000d5980000, 0x0000000100000000)
  eden space 1536K, 0% used [0x00000000d5580000,0x00000000d5580000,0x00000000d5700000)
  from space 512K, 100% used [0x00000000d5900000,0x00000000d5980000,0x00000000d5980000)
  to   space 1024K, 0% used [0x00000000d5780000,0x00000000d5780000,0x00000000d5880000)
 ParOldGen       total 505856K, used 505636K [0x0000000080000000, 0x000000009ee00000, 0x00000000d5580000)
  object space 505856K, 99% used [0x0000000080000000,0x000000009edc9020,0x000000009ee00000)
 Metaspace       used 80123K, committed 81856K, reserved 1179648K
  class space    used 8063K, committed 8832K, reserved 1048576K
}
Event: 746.572 GC heap before
{Heap before GC invocations=813 (full 4):
 PSYoungGen      total 2048K, used 2047K [0x00000000d5580000, 0x00000000d5980000, 0x0000000100000000)
  eden space 1536K, 99% used [0x00000000d5580000,0x00000000d56fffe0,0x00000000d5700000)
  from space 512K, 100% used [0x00000000d5900000,0x00000000d5980000,0x00000000d5980000)
  to   space 1024K, 0% used [0x00000000d5780000,0x00000000d5780000,0x00000000d5880000)
 ParOldGen       total 505856K, used 505636K [0x0000000080000000, 0x000000009ee00000, 0x00000000d5580000)
  object space 505856K, 99% used [0x0000000080000000,0x000000009edc9020,0x000000009ee00000)
 Metaspace       used 80131K, committed 81856K, reserved 1179648K
  class space    used 8063K, committed 8832K, reserved 1048576K
}
Event: 746.576 GC heap after
{Heap after GC invocations=813 (full 4):
 PSYoungGen      total 2560K, used 256K [0x00000000d5580000, 0x00000000d5980000, 0x0000000100000000)
  eden space 1536K, 0% used [0x00000000d5580000,0x00000000d5580000,0x00000000d5700000)
  from space 1024K, 25% used [0x00000000d5780000,0x00000000d57c0000,0x00000000d5880000)
  to   space 512K, 0% used [0x00000000d5900000,0x00000000d5900000,0x00000000d5980000)
 ParOldGen       total 506368K, used 506156K [0x0000000080000000, 0x000000009ee80000, 0x00000000d5580000)
  object space 506368K, 99% used [0x0000000080000000,0x000000009ee4b030,0x000000009ee80000)
 Metaspace       used 80131K, committed 81856K, reserved 1179648K
  class space    used 8063K, committed 8832K, reserved 1048576K
}
Event: 747.244 GC heap before
{Heap before GC invocations=814 (full 4):
 PSYoungGen      total 2560K, used 1792K [0x00000000d5580000, 0x00000000d5980000, 0x0000000100000000)
  eden space 1536K, 100% used [0x00000000d5580000,0x00000000d5700000,0x00000000d5700000)
  from space 1024K, 25% used [0x00000000d5780000,0x00000000d57c0000,0x00000000d5880000)
  to   space 512K, 0% used [0x00000000d5900000,0x00000000d5900000,0x00000000d5980000)
 ParOldGen       total 506368K, used 506156K [0x0000000080000000, 0x000000009ee80000, 0x00000000d5580000)
  object space 506368K, 99% used [0x0000000080000000,0x000000009ee4b030,0x000000009ee80000)
 Metaspace       used 80131K, committed 81856K, reserved 1179648K
  class space    used 8063K, committed 8832K, reserved 1048576K
}
Event: 747.247 GC heap after
{Heap after GC invocations=814 (full 4):
 PSYoungGen      total 2048K, used 304K [0x00000000d5580000, 0x00000000d5980000, 0x0000000100000000)
  eden space 1536K, 0% used [0x00000000d5580000,0x00000000d5580000,0x00000000d5700000)
  from space 512K, 59% used [0x00000000d5900000,0x00000000d594c030,0x00000000d5980000)
  to   space 512K, 0% used [0x00000000d5880000,0x00000000d5880000,0x00000000d5900000)
 ParOldGen       total 506880K, used 506376K [0x0000000080000000, 0x000000009ef00000, 0x00000000d5580000)
  object space 506880K, 99% used [0x0000000080000000,0x000000009ee82270,0x000000009ef00000)
 Metaspace       used 80131K, committed 81856K, reserved 1179648K
  class space    used 8063K, committed 8832K, reserved 1048576K
}
Event: 747.268 GC heap before
{Heap before GC invocations=815 (full 4):
 PSYoungGen      total 2048K, used 1840K [0x00000000d5580000, 0x00000000d5980000, 0x0000000100000000)
  eden space 1536K, 100% used [0x00000000d5580000,0x00000000d5700000,0x00000000d5700000)
  from space 512K, 59% used [0x00000000d5900000,0x00000000d594c030,0x00000000d5980000)
  to   space 512K, 0% used [0x00000000d5880000,0x00000000d5880000,0x00000000d5900000)
 ParOldGen       total 506880K, used 506376K [0x0000000080000000, 0x000000009ef00000, 0x00000000d5580000)
  object space 506880K, 99% used [0x0000000080000000,0x000000009ee82270,0x000000009ef00000)
 Metaspace       used 80140K, committed 81856K, reserved 1179648K
  class space    used 8063K, committed 8832K, reserved 1048576K
}
Event: 747.274 GC heap after
{Heap after GC invocations=815 (full 4):
 PSYoungGen      total 2048K, used 512K [0x00000000d5580000, 0x00000000d5980000, 0x0000000100000000)
  eden space 1536K, 0% used [0x00000000d5580000,0x00000000d5580000,0x00000000d5700000)
  from space 512K, 100% used [0x00000000d5880000,0x00000000d5900000,0x00000000d5900000)
  to   space 512K, 0% used [0x00000000d5900000,0x00000000d5900000,0x00000000d5980000)
 ParOldGen       total 506880K, used 506769K [0x0000000080000000, 0x000000009ef00000, 0x00000000d5580000)
  object space 506880K, 99% used [0x0000000080000000,0x000000009eee4710,0x000000009ef00000)
 Metaspace       used 80140K, committed 81856K, reserved 1179648K
  class space    used 8063K, committed 8832K, reserved 1048576K
}
Event: 748.206 GC heap before
{Heap before GC invocations=816 (full 4):
 PSYoungGen      total 2048K, used 2047K [0x00000000d5580000, 0x00000000d5980000, 0x0000000100000000)
  eden space 1536K, 99% used [0x00000000d5580000,0x00000000d56ffff8,0x00000000d5700000)
  from space 512K, 100% used [0x00000000d5880000,0x00000000d5900000,0x00000000d5900000)
  to   space 512K, 0% used [0x00000000d5900000,0x00000000d5900000,0x00000000d5980000)
 ParOldGen       total 506880K, used 506769K [0x0000000080000000, 0x000000009ef00000, 0x00000000d5580000)
  object space 506880K, 99% used [0x0000000080000000,0x000000009eee4710,0x000000009ef00000)
 Metaspace       used 80167K, committed 81856K, reserved 1179648K
  class space    used 8063K, committed 8832K, reserved 1048576K
}
Event: 748.210 GC heap after
{Heap after GC invocations=816 (full 4):
 PSYoungGen      total 2048K, used 96K [0x00000000d5580000, 0x00000000d5980000, 0x0000000100000000)
  eden space 1536K, 0% used [0x00000000d5580000,0x00000000d5580000,0x00000000d5700000)
  from space 512K, 18% used [0x00000000d5900000,0x00000000d5918000,0x00000000d5980000)
  to   space 512K, 0% used [0x00000000d5880000,0x00000000d5880000,0x00000000d5900000)
 ParOldGen       total 507392K, used 507289K [0x0000000080000000, 0x000000009ef80000, 0x00000000d5580000)
  object space 507392K, 99% used [0x0000000080000000,0x000000009ef66710,0x000000009ef80000)
 Metaspace       used 80167K, committed 81856K, reserved 1179648K
  class space    used 8063K, committed 8832K, reserved 1048576K
}
Event: 748.255 GC heap before
{Heap before GC invocations=817 (full 4):
 PSYoungGen      total 2048K, used 1632K [0x00000000d5580000, 0x00000000d5980000, 0x0000000100000000)
  eden space 1536K, 100% used [0x00000000d5580000,0x00000000d5700000,0x00000000d5700000)
  from space 512K, 18% used [0x00000000d5900000,0x00000000d5918000,0x00000000d5980000)
  to   space 512K, 0% used [0x00000000d5880000,0x00000000d5880000,0x00000000d5900000)
 ParOldGen       total 507392K, used 507289K [0x0000000080000000, 0x000000009ef80000, 0x00000000d5580000)
  object space 507392K, 99% used [0x0000000080000000,0x000000009ef66710,0x000000009ef80000)
 Metaspace       used 80167K, committed 81856K, reserved 1179648K
  class space    used 8063K, committed 8832K, reserved 1048576K
}
Event: 748.257 GC heap after
{Heap after GC invocations=817 (full 4):
 PSYoungGen      total 2048K, used 368K [0x00000000d5580000, 0x00000000d5980000, 0x0000000100000000)
  eden space 1536K, 0% used [0x00000000d5580000,0x00000000d5580000,0x00000000d5700000)
  from space 512K, 71% used [0x00000000d5880000,0x00000000d58dc030,0x00000000d5900000)
  to   space 512K, 0% used [0x00000000d5900000,0x00000000d5900000,0x00000000d5980000)
 ParOldGen       total 507392K, used 507374K [0x0000000080000000, 0x000000009ef80000, 0x00000000d5580000)
  object space 507392K, 99% used [0x0000000080000000,0x000000009ef7b990,0x000000009ef80000)
 Metaspace       used 80167K, committed 81856K, reserved 1179648K
  class space    used 8063K, committed 8832K, reserved 1048576K
}
Event: 748.278 GC heap before
{Heap before GC invocations=818 (full 4):
 PSYoungGen      total 2048K, used 1904K [0x00000000d5580000, 0x00000000d5980000, 0x0000000100000000)
  eden space 1536K, 100% used [0x00000000d5580000,0x00000000d5700000,0x00000000d5700000)
  from space 512K, 71% used [0x00000000d5880000,0x00000000d58dc030,0x00000000d5900000)
  to   space 512K, 0% used [0x00000000d5900000,0x00000000d5900000,0x00000000d5980000)
 ParOldGen       total 507392K, used 507374K [0x0000000080000000, 0x000000009ef80000, 0x00000000d5580000)
  object space 507392K, 99% used [0x0000000080000000,0x000000009ef7b990,0x000000009ef80000)
 Metaspace       used 80180K, committed 81856K, reserved 1179648K
  class space    used 8063K, committed 8832K, reserved 1048576K
}
Event: 748.282 GC heap after
{Heap after GC invocations=818 (full 4):
 PSYoungGen      total 2048K, used 64K [0x00000000d5580000, 0x00000000d5980000, 0x0000000100000000)
  eden space 1536K, 0% used [0x00000000d5580000,0x00000000d5580000,0x00000000d5700000)
  from space 512K, 12% used [0x00000000d5900000,0x00000000d5910000,0x00000000d5980000)
  to   space 512K, 0% used [0x00000000d5880000,0x00000000d5880000,0x00000000d5900000)
 ParOldGen       total 507904K, used 507454K [0x0000000080000000, 0x000000009f000000, 0x00000000d5580000)
  object space 507904K, 99% used [0x0000000080000000,0x000000009ef8f9b0,0x000000009f000000)
 Metaspace       used 80180K, committed 81856K, reserved 1179648K
  class space    used 8063K, committed 8832K, reserved 1048576K
}

Dll operation events (11 events):
Event: 0.055 Loaded shared library c:\Users\gusta\.vscode\extensions\redhat.java-1.45.0-win32-x64\jre\21.0.8-win32-x86_64\bin\java.dll
Event: 0.626 Loaded shared library c:\Users\gusta\.vscode\extensions\redhat.java-1.45.0-win32-x64\jre\21.0.8-win32-x86_64\bin\zip.dll
Event: 0.677 Loaded shared library C:\Users\gusta\.vscode\extensions\redhat.java-1.45.0-win32-x64\jre\21.0.8-win32-x86_64\bin\instrument.dll
Event: 0.691 Loaded shared library C:\Users\gusta\.vscode\extensions\redhat.java-1.45.0-win32-x64\jre\21.0.8-win32-x86_64\bin\net.dll
Event: 0.695 Loaded shared library C:\Users\gusta\.vscode\extensions\redhat.java-1.45.0-win32-x64\jre\21.0.8-win32-x86_64\bin\nio.dll
Event: 0.705 Loaded shared library C:\Users\gusta\.vscode\extensions\redhat.java-1.45.0-win32-x64\jre\21.0.8-win32-x86_64\bin\zip.dll
Event: 0.747 Loaded shared library C:\Users\gusta\.vscode\extensions\redhat.java-1.45.0-win32-x64\jre\21.0.8-win32-x86_64\bin\jimage.dll
Event: 0.966 Loaded shared library c:\Users\gusta\.vscode\extensions\redhat.java-1.45.0-win32-x64\jre\21.0.8-win32-x86_64\bin\verify.dll
Event: 42.837 Loaded shared library C:\Users\gusta\AppData\Roaming\Code\User\globalStorage\redhat.java\1.45.0\config_win\org.eclipse.equinox.launcher\org.eclipse.equinox.launcher.win32.win32.x86_64_1.2.1400.v20250801-0854\eclipse_11916.dll
Event: 94.557 Loaded shared library C:\Users\gusta\AppData\Local\Temp\jna-98722418\jna18268805250568574607.dll
Event: 127.165 Loaded shared library C:\Users\gusta\.vscode\extensions\redhat.java-1.45.0-win32-x64\jre\21.0.8-win32-x86_64\bin\sunmscapi.dll

Deoptimization events (20 events):
Event: 742.617 Thread 0x00000277ebe2ef80 DEOPT PACKING pc=0x00000277db179050 sp=0x000000ef1bffdd70
Event: 742.617 Thread 0x00000277ebe2ef80 DEOPT UNPACKING pc=0x00000277d9dc3a9c sp=0x000000ef1bffdd48 mode 2
Event: 742.815 Thread 0x00000277eb75b1a0 Uncommon trap: trap_request=0xffffffd6 fr.pc=0x00000277db426660 relative=0x0000000000001620
Event: 742.815 Thread 0x00000277eb75b1a0 Uncommon trap: reason=array_check action=maybe_recompile pc=0x00000277db426660 method=java.util.TimSort.mergeLo(IIII)V @ 375 c2
Event: 742.815 Thread 0x00000277eb75b1a0 DEOPT PACKING pc=0x00000277db426660 sp=0x000000ef1b8fe3c0
Event: 742.815 Thread 0x00000277eb75b1a0 DEOPT UNPACKING pc=0x00000277d9dc3a9c sp=0x000000ef1b8fe3c0 mode 2
Event: 742.815 Thread 0x00000277eb75b1a0 Uncommon trap: trap_request=0xffffffd6 fr.pc=0x00000277db426660 relative=0x0000000000001620
Event: 742.815 Thread 0x00000277eb75b1a0 Uncommon trap: reason=array_check action=maybe_recompile pc=0x00000277db426660 method=java.util.TimSort.mergeLo(IIII)V @ 375 c2
Event: 742.815 Thread 0x00000277eb75b1a0 DEOPT PACKING pc=0x00000277db426660 sp=0x000000ef1b8fe1e0
Event: 742.815 Thread 0x00000277eb75b1a0 DEOPT UNPACKING pc=0x00000277d9dc3a9c sp=0x000000ef1b8fe1e0 mode 2
Event: 743.184 Thread 0x00000277ebe2dbd0 Uncommon trap: trap_request=0xffffffd6 fr.pc=0x00000277db42ddf0 relative=0x0000000000001750
Event: 743.184 Thread 0x00000277ebe2dbd0 Uncommon trap: reason=array_check action=maybe_recompile pc=0x00000277db42ddf0 method=java.util.TimSort.mergeHi(IIII)V @ 524 c2
Event: 743.184 Thread 0x00000277ebe2dbd0 DEOPT PACKING pc=0x00000277db42ddf0 sp=0x000000ef1b6fdc40
Event: 743.184 Thread 0x00000277ebe2dbd0 DEOPT UNPACKING pc=0x00000277d9dc3a9c sp=0x000000ef1b6fdc28 mode 2
Event: 743.342 Thread 0x00000277ebe309c0 DEOPT PACKING pc=0x00000277d53a06ed sp=0x000000ef1bafec40
Event: 743.342 Thread 0x00000277ebe309c0 DEOPT UNPACKING pc=0x00000277d9dc4223 sp=0x000000ef1bafe1b8 mode 0
Event: 744.520 Thread 0x00000277ebe2e260 Uncommon trap: trap_request=0xffffffd6 fr.pc=0x00000277db42ddf0 relative=0x0000000000001750
Event: 744.520 Thread 0x00000277ebe2e260 Uncommon trap: reason=array_check action=maybe_recompile pc=0x00000277db42ddf0 method=java.util.TimSort.mergeHi(IIII)V @ 524 c2
Event: 744.520 Thread 0x00000277ebe2e260 DEOPT PACKING pc=0x00000277db42ddf0 sp=0x000000ef1b6fdf90
Event: 744.520 Thread 0x00000277ebe2e260 DEOPT UNPACKING pc=0x00000277d9dc3a9c sp=0x000000ef1b6fdf78 mode 2

Classes loaded (20 events):
Event: 438.744 Loading class java/io/ObjectOutputStream$BlockDataOutputStream
Event: 438.745 Loading class java/io/ObjectOutputStream$BlockDataOutputStream done
Event: 438.746 Loading class java/io/ObjectOutputStream$HandleTable
Event: 438.746 Loading class java/io/ObjectOutputStream$HandleTable done
Event: 438.746 Loading class java/io/ObjectOutputStream$ReplaceTable
Event: 438.746 Loading class java/io/ObjectOutputStream$ReplaceTable done
Event: 455.228 Loading class java/lang/Throwable$WrappedPrintWriter
Event: 455.366 Loading class java/lang/Throwable$PrintStreamOrWriter
Event: 455.431 Loading class java/lang/Throwable$PrintStreamOrWriter done
Event: 455.431 Loading class java/lang/Throwable$WrappedPrintWriter done
Event: 624.440 Loading class java/util/Collections$EmptyListIterator
Event: 624.441 Loading class java/util/Collections$EmptyListIterator done
Event: 625.005 Loading class java/io/CharArrayReader
Event: 625.006 Loading class java/io/CharArrayReader done
Event: 625.006 Loading class java/util/regex/Pattern$Bound
Event: 625.007 Loading class java/util/regex/Pattern$Bound done
Event: 626.761 Loading class java/lang/StringLatin1$CharsSpliterator
Event: 626.762 Loading class java/lang/StringLatin1$CharsSpliterator done
Event: 691.771 Loading class java/nio/channels/CompletionHandler
Event: 691.778 Loading class java/nio/channels/CompletionHandler done

Classes unloaded (10 events):
Event: 98.119 Thread 0x00000277cf70a6d0 Unloading class 0x00000277811ac800 'java/lang/invoke/LambdaForm$MH+0x00000277811ac800'
Event: 98.119 Thread 0x00000277cf70a6d0 Unloading class 0x00000277811ac400 'java/lang/invoke/LambdaForm$MH+0x00000277811ac400'
Event: 98.119 Thread 0x00000277cf70a6d0 Unloading class 0x00000277811ac000 'java/lang/invoke/LambdaForm$MH+0x00000277811ac000'
Event: 98.119 Thread 0x00000277cf70a6d0 Unloading class 0x00000277811abc00 'java/lang/invoke/LambdaForm$MH+0x00000277811abc00'
Event: 98.119 Thread 0x00000277cf70a6d0 Unloading class 0x00000277811ab800 'java/lang/invoke/LambdaForm$BMH+0x00000277811ab800'
Event: 98.119 Thread 0x00000277cf70a6d0 Unloading class 0x00000277811ab400 'java/lang/invoke/LambdaForm$DMH+0x00000277811ab400'
Event: 98.119 Thread 0x00000277cf70a6d0 Unloading class 0x00000277811aa000 'java/lang/invoke/LambdaForm$DMH+0x00000277811aa000'
Event: 471.036 Thread 0x00000277cf70a6d0 Unloading class 0x00000277816ba400 'java/lang/invoke/LambdaForm$MH+0x00000277816ba400'
Event: 471.036 Thread 0x00000277cf70a6d0 Unloading class 0x00000277816b9400 'java/lang/invoke/LambdaForm$MH+0x00000277816b9400'
Event: 471.036 Thread 0x00000277cf70a6d0 Unloading class 0x00000277816b8400 'java/lang/invoke/LambdaForm$MH+0x00000277816b8400'

Classes redefined (0 events):
No events

Internal exceptions (20 events):
Event: 693.802 Thread 0x00000277ec3d1af0 Exception <a 'java/lang/ArrayIndexOutOfBoundsException'{0x00000000d577a928}> (0x00000000d577a928) 
thrown [s\src\hotspot\share\runtime\sharedRuntime.cpp, line 625]
Event: 693.802 Thread 0x00000277ec3d1af0 Exception <a 'java/lang/ArrayIndexOutOfBoundsException'{0x00000000d577ac50}> (0x00000000d577ac50) 
thrown [s\src\hotspot\share\runtime\sharedRuntime.cpp, line 625]
Event: 694.366 Thread 0x00000277ec3d1af0 Exception <a 'java/lang/ArrayIndexOutOfBoundsException'{0x00000000d55e5498}> (0x00000000d55e5498) 
thrown [s\src\hotspot\share\runtime\sharedRuntime.cpp, line 625]
Event: 694.366 Thread 0x00000277ec3d1af0 Exception <a 'java/lang/ArrayIndexOutOfBoundsException'{0x00000000d55e6d08}> (0x00000000d55e6d08) 
thrown [s\src\hotspot\share\runtime\sharedRuntime.cpp, line 625]
Event: 694.366 Thread 0x00000277ec3d1af0 Exception <a 'java/lang/ArrayIndexOutOfBoundsException'{0x00000000d55e72e0}> (0x00000000d55e72e0) 
thrown [s\src\hotspot\share\runtime\sharedRuntime.cpp, line 625]
Event: 694.366 Thread 0x00000277ec3d1af0 Exception <a 'java/lang/ArrayIndexOutOfBoundsException'{0x00000000d55e78b8}> (0x00000000d55e78b8) 
thrown [s\src\hotspot\share\runtime\sharedRuntime.cpp, line 625]
Event: 694.445 Thread 0x00000277eb75bec0 Exception <a 'sun/nio/fs/WindowsException'{0x00000000d55db498}> (0x00000000d55db498) 
thrown [s\src\hotspot\share\prims\jni.cpp, line 520]
Event: 697.068 Thread 0x00000277ebe31050 Implicit null exception at 0x00000277dafd47f0 to 0x00000277dafd61fc
Event: 698.373 Thread 0x00000277eb75bec0 Exception <a 'sun/nio/fs/WindowsException'{0x00000000d579e018}> (0x00000000d579e018) 
thrown [s\src\hotspot\share\prims\jni.cpp, line 520]
Event: 699.856 Thread 0x00000277eb75bec0 Exception <a 'sun/nio/fs/WindowsException'{0x00000000d559a338}> (0x00000000d559a338) 
thrown [s\src\hotspot\share\prims\jni.cpp, line 520]
Event: 706.455 Thread 0x00000277eb75bec0 Exception <a 'sun/nio/fs/WindowsException'{0x00000000d5772c28}> (0x00000000d5772c28) 
thrown [s\src\hotspot\share\prims\jni.cpp, line 520]
Event: 707.029 Thread 0x00000277eb75bec0 Exception <a 'sun/nio/fs/WindowsException'{0x00000000d56311a8}> (0x00000000d56311a8) 
thrown [s\src\hotspot\share\prims\jni.cpp, line 520]
Event: 713.142 Thread 0x00000277ebe31d70 Implicit null exception at 0x00000277db371dc0 to 0x00000277db372b38
Event: 716.075 Thread 0x00000277ebe30330 Implicit null exception at 0x00000277dab08517 to 0x00000277dab08f94
Event: 716.453 Thread 0x00000277eb75bec0 Exception <a 'sun/nio/fs/WindowsException'{0x00000000d5680810}> (0x00000000d5680810) 
thrown [s\src\hotspot\share\prims\jni.cpp, line 520]
Event: 717.594 Thread 0x00000277eb75bec0 Exception <a 'sun/nio/fs/WindowsException'{0x00000000d55974f8}> (0x00000000d55974f8) 
thrown [s\src\hotspot\share\prims\jni.cpp, line 520]
Event: 735.922 Thread 0x00000277eb75bec0 Exception <a 'sun/nio/fs/WindowsException'{0x00000000d56b5490}> (0x00000000d56b5490) 
thrown [s\src\hotspot\share\prims\jni.cpp, line 520]
Event: 737.020 Thread 0x00000277eb75bec0 Exception <a 'sun/nio/fs/WindowsException'{0x00000000d5703370}> (0x00000000d5703370) 
thrown [s\src\hotspot\share\prims\jni.cpp, line 520]
Event: 748.063 Thread 0x00000277ec3d2810 Exception <a 'sun/nio/fs/WindowsException'{0x00000000d56d3690}> (0x00000000d56d3690) 
thrown [s\src\hotspot\share\prims\jni.cpp, line 520]
Event: 748.063 Thread 0x00000277ec3d2810 Exception <a 'sun/nio/fs/WindowsException'{0x00000000d56d61e0}> (0x00000000d56d61e0) 
thrown [s\src\hotspot\share\prims\jni.cpp, line 520]

ZGC Phase Switch (0 events):
No events

VM Operations (20 events):
Event: 745.039 Executing VM operation: ParallelGCFailedAllocation (Allocation Failure)
Event: 745.042 Executing VM operation: ParallelGCFailedAllocation (Allocation Failure) done
Event: 745.056 Executing VM operation: ParallelGCFailedAllocation (Allocation Failure)
Event: 745.059 Executing VM operation: ParallelGCFailedAllocation (Allocation Failure) done
Event: 745.570 Executing VM operation: ParallelGCFailedAllocation (Allocation Failure)
Event: 745.573 Executing VM operation: ParallelGCFailedAllocation (Allocation Failure) done
Event: 745.590 Executing VM operation: ParallelGCFailedAllocation (Allocation Failure)
Event: 745.595 Executing VM operation: ParallelGCFailedAllocation (Allocation Failure) done
Event: 746.572 Executing VM operation: ParallelGCFailedAllocation (Allocation Failure)
Event: 746.576 Executing VM operation: ParallelGCFailedAllocation (Allocation Failure) done
Event: 747.244 Executing VM operation: ParallelGCFailedAllocation (Allocation Failure)
Event: 747.247 Executing VM operation: ParallelGCFailedAllocation (Allocation Failure) done
Event: 747.268 Executing VM operation: ParallelGCFailedAllocation (Allocation Failure)
Event: 747.274 Executing VM operation: ParallelGCFailedAllocation (Allocation Failure) done
Event: 748.206 Executing VM operation: ParallelGCFailedAllocation (Allocation Failure)
Event: 748.210 Executing VM operation: ParallelGCFailedAllocation (Allocation Failure) done
Event: 748.255 Executing VM operation: ParallelGCFailedAllocation (Allocation Failure)
Event: 748.258 Executing VM operation: ParallelGCFailedAllocation (Allocation Failure) done
Event: 748.278 Executing VM operation: ParallelGCFailedAllocation (Allocation Failure)
Event: 748.282 Executing VM operation: ParallelGCFailedAllocation (Allocation Failure) done

Memory protections (0 events):
No events

Nmethod flushes (20 events):
Event: 471.571 Thread 0x00000277cf70a6d0 flushing  nmethod 0x00000277d3652110
Event: 471.571 Thread 0x00000277cf70a6d0 flushing  nmethod 0x00000277d3652710
Event: 471.571 Thread 0x00000277cf70a6d0 flushing  nmethod 0x00000277d3652b10
Event: 471.571 Thread 0x00000277cf70a6d0 flushing  nmethod 0x00000277d3691210
Event: 471.571 Thread 0x00000277cf70a6d0 flushing  nmethod 0x00000277d3697b90
Event: 471.571 Thread 0x00000277cf70a6d0 flushing  nmethod 0x00000277d36a3410
Event: 471.571 Thread 0x00000277cf70a6d0 flushing  nmethod 0x00000277d36cfc90
Event: 471.571 Thread 0x00000277cf70a6d0 flushing  nmethod 0x00000277d36da810
Event: 471.571 Thread 0x00000277cf70a6d0 flushing  nmethod 0x00000277d36db510
Event: 471.571 Thread 0x00000277cf70a6d0 flushing  nmethod 0x00000277d374a690
Event: 471.571 Thread 0x00000277cf70a6d0 flushing  nmethod 0x00000277d375a990
Event: 471.571 Thread 0x00000277cf70a6d0 flushing  nmethod 0x00000277d3762110
Event: 471.571 Thread 0x00000277cf70a6d0 flushing  nmethod 0x00000277d3762f10
Event: 471.571 Thread 0x00000277cf70a6d0 flushing  nmethod 0x00000277d3798310
Event: 471.571 Thread 0x00000277cf70a6d0 flushing  nmethod 0x00000277d37a6890
Event: 471.571 Thread 0x00000277cf70a6d0 flushing  nmethod 0x00000277d37b2690
Event: 471.571 Thread 0x00000277cf70a6d0 flushing  nmethod 0x00000277d37b8410
Event: 471.571 Thread 0x00000277cf70a6d0 flushing  nmethod 0x00000277d37bbe90
Event: 471.571 Thread 0x00000277cf70a6d0 flushing  nmethod 0x00000277d3823210
Event: 471.571 Thread 0x00000277cf70a6d0 flushing  nmethod 0x00000277d3823590

Events (20 events):
Event: 745.014 Thread 0x00000277ec3d1af0 Thread added: 0x00000277ebe2e8f0
Event: 745.063 Thread 0x00000277ebe2e8f0 Thread exited: 0x00000277ebe2e8f0
Event: 745.561 Thread 0x00000277ec3d1af0 Thread added: 0x00000277ebe2dbd0
Event: 745.666 Thread 0x00000277ebe2dbd0 Thread exited: 0x00000277ebe2dbd0
Event: 746.504 Thread 0x00000277ec3d1af0 Thread added: 0x00000277ebe2ef80
Event: 746.525 Thread 0x00000277ebe2ef80 Thread exited: 0x00000277ebe2ef80
Event: 746.546 Thread 0x00000277ec3d1af0 Thread added: 0x00000277ebe2dbd0
Event: 746.580 Thread 0x00000277ebe2dbd0 Thread exited: 0x00000277ebe2dbd0
Event: 747.182 Thread 0x00000277ec3d1af0 Thread added: 0x00000277ebe30330
Event: 747.185 Thread 0x00000277ebe30330 Thread exited: 0x00000277ebe30330
Event: 747.235 Thread 0x00000277ec3d1af0 Thread added: 0x00000277ebe31050
Event: 747.280 Thread 0x00000277ebe31050 Thread exited: 0x00000277ebe31050
Event: 747.865 Thread 0x00000277ec3d1af0 Thread added: 0x00000277ebe30330
Event: 747.869 Thread 0x00000277ebe30330 Thread exited: 0x00000277ebe30330
Event: 748.048 Thread 0x00000277ec3d2810 Thread added: 0x00000277ebe30330
Event: 748.051 Thread 0x00000277ebe30330 Thread exited: 0x00000277ebe30330
Event: 748.065 Thread 0x00000277ec3d2810 Thread added: 0x00000277ebe2e8f0
Event: 748.066 Thread 0x00000277ebe2e8f0 Thread exited: 0x00000277ebe2e8f0
Event: 748.244 Thread 0x00000277ec3d1af0 Thread added: 0x00000277ebe2dbd0
Event: 748.286 Thread 0x00000277ebe2dbd0 Thread exited: 0x00000277ebe2dbd0


Dynamic libraries:
0x00007ff79c580000 - 0x00007ff79c58e000 	c:\Users\gusta\.vscode\extensions\redhat.java-1.45.0-win32-x64\jre\21.0.8-win32-x86_64\bin\java.exe
0x00007ffc7c080000 - 0x00007ffc7c2e8000 	C:\WINDOWS\SYSTEM32\ntdll.dll
0x00007ffc7a330000 - 0x00007ffc7a3f9000 	C:\WINDOWS\System32\KERNEL32.DLL
0x00007ffc797a0000 - 0x00007ffc79b8d000 	C:\WINDOWS\System32\KERNELBASE.dll
0x00007ffc79280000 - 0x00007ffc793cb000 	C:\WINDOWS\System32\ucrtbase.dll
0x00007ffc66d10000 - 0x00007ffc66d28000 	c:\Users\gusta\.vscode\extensions\redhat.java-1.45.0-win32-x64\jre\21.0.8-win32-x86_64\bin\jli.dll
0x00007ffc79e80000 - 0x00007ffc7a04c000 	C:\WINDOWS\System32\USER32.dll
0x00007ffc793d0000 - 0x00007ffc793f7000 	C:\WINDOWS\System32\win32u.dll
0x00007ffc7adb0000 - 0x00007ffc7addb000 	C:\WINDOWS\System32\GDI32.dll
0x00007ffc79ce0000 - 0x00007ffc79e17000 	C:\WINDOWS\System32\gdi32full.dll
0x00007ffc791d0000 - 0x00007ffc79273000 	C:\WINDOWS\System32\msvcp_win.dll
0x00007ffc659d0000 - 0x00007ffc659ee000 	c:\Users\gusta\.vscode\extensions\redhat.java-1.45.0-win32-x64\jre\21.0.8-win32-x86_64\bin\VCRUNTIME140.dll
0x00007ffc64c50000 - 0x00007ffc64eea000 	C:\WINDOWS\WinSxS\amd64_microsoft.windows.common-controls_6595b64144ccf1df_6.0.26100.4484_none_3e0e6d4ce32ef3b3\COMCTL32.dll
0x00007ffc7af00000 - 0x00007ffc7afa9000 	C:\WINDOWS\System32\msvcrt.dll
0x00007ffc7a580000 - 0x00007ffc7a5af000 	C:\WINDOWS\System32\IMM32.DLL
0x00007ffc6b3f0000 - 0x00007ffc6b3fc000 	c:\Users\gusta\.vscode\extensions\redhat.java-1.45.0-win32-x64\jre\21.0.8-win32-x86_64\bin\vcruntime140_1.dll
0x00007ffc297a0000 - 0x00007ffc2982d000 	c:\Users\gusta\.vscode\extensions\redhat.java-1.45.0-win32-x64\jre\21.0.8-win32-x86_64\bin\msvcp140.dll
0x00007ffbf72e0000 - 0x00007ffbf8077000 	c:\Users\gusta\.vscode\extensions\redhat.java-1.45.0-win32-x64\jre\21.0.8-win32-x86_64\bin\server\jvm.dll
0x00007ffc7bc00000 - 0x00007ffc7bcb4000 	C:\WINDOWS\System32\ADVAPI32.dll
0x00007ffc7ad00000 - 0x00007ffc7ada6000 	C:\WINDOWS\System32\sechost.dll
0x00007ffc7ade0000 - 0x00007ffc7aef8000 	C:\WINDOWS\System32\RPCRT4.dll
0x00007ffc7a5c0000 - 0x00007ffc7a634000 	C:\WINDOWS\System32\WS2_32.dll
0x00007ffc77df0000 - 0x00007ffc77e4e000 	C:\WINDOWS\SYSTEM32\POWRPROF.dll
0x00007ffc628d0000 - 0x00007ffc62905000 	C:\WINDOWS\SYSTEM32\WINMM.dll
0x00007ffc6a4d0000 - 0x00007ffc6a4db000 	C:\WINDOWS\SYSTEM32\VERSION.dll
0x00007ffc77dd0000 - 0x00007ffc77de4000 	C:\WINDOWS\SYSTEM32\UMPDC.dll
0x00007ffc77ff0000 - 0x00007ffc7800b000 	C:\WINDOWS\SYSTEM32\kernel.appcore.dll
0x00007ffc6add0000 - 0x00007ffc6adda000 	c:\Users\gusta\.vscode\extensions\redhat.java-1.45.0-win32-x64\jre\21.0.8-win32-x86_64\bin\jimage.dll
0x00007ffc76b30000 - 0x00007ffc76d71000 	C:\WINDOWS\SYSTEM32\DBGHELP.DLL
0x00007ffc7b860000 - 0x00007ffc7bbe6000 	C:\WINDOWS\System32\combase.dll
0x00007ffc7bf50000 - 0x00007ffc7c030000 	C:\WINDOWS\System32\OLEAUT32.dll
0x00007ffc66e90000 - 0x00007ffc66ed3000 	C:\WINDOWS\SYSTEM32\dbgcore.DLL
0x00007ffc79580000 - 0x00007ffc79619000 	C:\WINDOWS\System32\bcryptPrimitives.dll
0x00007ffc68e30000 - 0x00007ffc68e3f000 	c:\Users\gusta\.vscode\extensions\redhat.java-1.45.0-win32-x64\jre\21.0.8-win32-x86_64\bin\instrument.dll
0x00007ffc5a980000 - 0x00007ffc5a99f000 	c:\Users\gusta\.vscode\extensions\redhat.java-1.45.0-win32-x64\jre\21.0.8-win32-x86_64\bin\java.dll
0x00007ffc7b110000 - 0x00007ffc7b85a000 	C:\WINDOWS\System32\SHELL32.dll
0x00007ffc79400000 - 0x00007ffc79574000 	C:\WINDOWS\System32\wintypes.dll
0x00007ffc76e70000 - 0x00007ffc776cb000 	C:\WINDOWS\SYSTEM32\windows.storage.dll
0x00007ffc7a480000 - 0x00007ffc7a575000 	C:\WINDOWS\System32\SHCORE.dll
0x00007ffc7a640000 - 0x00007ffc7a6aa000 	C:\WINDOWS\System32\shlwapi.dll
0x00007ffc790b0000 - 0x00007ffc790df000 	C:\WINDOWS\SYSTEM32\profapi.dll
0x00007ffc54880000 - 0x00007ffc54898000 	c:\Users\gusta\.vscode\extensions\redhat.java-1.45.0-win32-x64\jre\21.0.8-win32-x86_64\bin\zip.dll
0x00007ffc68340000 - 0x00007ffc68350000 	C:\Users\gusta\.vscode\extensions\redhat.java-1.45.0-win32-x64\jre\21.0.8-win32-x86_64\bin\net.dll
0x00007ffc68c40000 - 0x00007ffc68d5e000 	C:\WINDOWS\SYSTEM32\WINHTTP.dll
0x00007ffc78620000 - 0x00007ffc7868a000 	C:\WINDOWS\system32\mswsock.dll
0x00007ffc51a20000 - 0x00007ffc51a36000 	C:\Users\gusta\.vscode\extensions\redhat.java-1.45.0-win32-x64\jre\21.0.8-win32-x86_64\bin\nio.dll
0x00007ffc67e70000 - 0x00007ffc67e80000 	c:\Users\gusta\.vscode\extensions\redhat.java-1.45.0-win32-x64\jre\21.0.8-win32-x86_64\bin\verify.dll
0x00007ffc320a0000 - 0x00007ffc320e4000 	C:\Users\gusta\AppData\Roaming\Code\User\globalStorage\redhat.java\1.45.0\config_win\org.eclipse.equinox.launcher\org.eclipse.equinox.launcher.win32.win32.x86_64_1.2.1400.v20250801-0854\eclipse_11916.dll
0x00007ffc7ab50000 - 0x00007ffc7acee000 	C:\WINDOWS\System32\ole32.dll
0x00007ffc788d0000 - 0x00007ffc788eb000 	C:\WINDOWS\SYSTEM32\CRYPTSP.dll
0x00007ffc78010000 - 0x00007ffc7804b000 	C:\WINDOWS\system32\rsaenh.dll
0x00007ffc786c0000 - 0x00007ffc786eb000 	C:\WINDOWS\SYSTEM32\USERENV.dll
0x00007ffc790f0000 - 0x00007ffc79116000 	C:\WINDOWS\SYSTEM32\bcrypt.dll
0x00007ffc788f0000 - 0x00007ffc788fc000 	C:\WINDOWS\SYSTEM32\CRYPTBASE.dll
0x00007ffc77ae0000 - 0x00007ffc77b13000 	C:\WINDOWS\SYSTEM32\IPHLPAPI.DLL
0x00007ffc7bdc0000 - 0x00007ffc7bdca000 	C:\WINDOWS\System32\NSI.dll
0x00007ffc699e0000 - 0x00007ffc69a29000 	C:\Users\gusta\AppData\Local\Temp\jna-98722418\jna18268805250568574607.dll
0x00007ffc7bbf0000 - 0x00007ffc7bbf8000 	C:\WINDOWS\System32\PSAPI.DLL
0x00007ffc69470000 - 0x00007ffc6948f000 	C:\WINDOWS\SYSTEM32\dhcpcsvc6.DLL
0x00007ffc685a0000 - 0x00007ffc685c5000 	C:\WINDOWS\SYSTEM32\dhcpcsvc.DLL
0x00007ffc672b0000 - 0x00007ffc672be000 	C:\Users\gusta\.vscode\extensions\redhat.java-1.45.0-win32-x64\jre\21.0.8-win32-x86_64\bin\sunmscapi.dll
0x00007ffc79620000 - 0x00007ffc79797000 	C:\WINDOWS\System32\CRYPT32.dll
0x00007ffc78af0000 - 0x00007ffc78b20000 	C:\WINDOWS\SYSTEM32\ncrypt.dll
0x00007ffc78aa0000 - 0x00007ffc78adf000 	C:\WINDOWS\SYSTEM32\NTASN1.dll

JVMTI agents:
c:\Users\gusta\.vscode\extensions\redhat.java-1.45.0-win32-x64\lombok\lombok-1.18.39-4050.jar path:c:\Users\gusta\.vscode\extensions\redhat.java-1.45.0-win32-x64\jre\21.0.8-win32-x86_64\bin\instrument.dll, loaded, initialized, instrumentlib options:none

dbghelp: loaded successfully - version: 4.0.5 - missing functions: none
symbol engine: initialized successfully - sym options: 0x614 - pdb path: .;c:\Users\gusta\.vscode\extensions\redhat.java-1.45.0-win32-x64\jre\21.0.8-win32-x86_64\bin;C:\WINDOWS\SYSTEM32;C:\WINDOWS\WinSxS\amd64_microsoft.windows.common-controls_6595b64144ccf1df_6.0.26100.4484_none_3e0e6d4ce32ef3b3;c:\Users\gusta\.vscode\extensions\redhat.java-1.45.0-win32-x64\jre\21.0.8-win32-x86_64\bin\server;C:\Users\gusta\AppData\Roaming\Code\User\globalStorage\redhat.java\1.45.0\config_win\org.eclipse.equinox.launcher\org.eclipse.equinox.launcher.win32.win32.x86_64_1.2.1400.v20250801-0854;C:\Users\gusta\AppData\Local\Temp\jna-98722418

VM Arguments:
jvm_args: --add-modules=ALL-SYSTEM --add-opens=java.base/java.util=ALL-UNNAMED --add-opens=java.base/java.lang=ALL-UNNAMED --add-opens=java.base/sun.nio.fs=ALL-UNNAMED -Declipse.application=org.eclipse.jdt.ls.core.id1 -Dosgi.bundles.defaultStartLevel=4 -Declipse.product=org.eclipse.jdt.ls.core.product -Djava.import.generatesMetadataFilesAtProjectRoot=false -DDetectVMInstallationsJob.disabled=true -Dfile.encoding=utf8 -XX:+UseParallelGC -XX:GCTimeRatio=4 -XX:AdaptiveSizePolicyWeight=90 -Dsun.zip.disableMemoryMapping=true -Xmx2G -Xms100m -Xlog:disable -javaagent:c:\Users\gusta\.vscode\extensions\redhat.java-1.45.0-win32-x64\lombok\lombok-1.18.39-4050.jar -XX:+HeapDumpOnOutOfMemoryError -XX:HeapDumpPath=c:\Users\gusta\AppData\Roaming\Code\User\workspaceStorage\9bf339a5cd1e7817d2ad5bd5f32cb53c\redhat.java -Daether.dependencyCollector.impl=bf 
java_command: c:\Users\gusta\.vscode\extensions\redhat.java-1.45.0-win32-x64\server\plugins\org.eclipse.equinox.launcher_1.7.0.v20250519-0528.jar -configuration c:\Users\gusta\AppData\Roaming\Code\User\globalStorage\redhat.java\1.45.0\config_win -data c:\Users\gusta\AppData\Roaming\Code\User\workspaceStorage\9bf339a5cd1e7817d2ad5bd5f32cb53c\redhat.java\jdt_ws --pipe=\\.\pipe\lsp-7e730ed4864ac34421aa81cfe813dbdf-sock
java_class_path (initial): c:\Users\gusta\.vscode\extensions\redhat.java-1.45.0-win32-x64\server\plugins\org.eclipse.equinox.launcher_1.7.0.v20250519-0528.jar
Launcher Type: SUN_STANDARD

[Global flags]
    uintx AdaptiveSizePolicyWeight                 = 90                                        {product} {command line}
     intx CICompilerCount                          = 2                                         {product} {ergonomic}
    uintx GCTimeRatio                              = 4                                         {product} {command line}
     bool HeapDumpOnOutOfMemoryError               = true                                   {manageable} {command line}
    ccstr HeapDumpPath                             = c:\Users\gusta\AppData\Roaming\Code\User\workspaceStorage\9bf339a5cd1e7817d2ad5bd5f32cb53c\redhat.java         {manageable} {command line}
   size_t InitialHeapSize                          = 104857600                                 {product} {command line}
   size_t MaxHeapSize                              = 2147483648                                {product} {command line}
   size_t MaxNewSize                               = 715653120                                 {product} {ergonomic}
   size_t MinHeapDeltaBytes                        = 524288                                    {product} {ergonomic}
   size_t MinHeapSize                              = 104857600                                 {product} {command line}
   size_t NewSize                                  = 34603008                                  {product} {ergonomic}
    uintx NonNMethodCodeHeapSize                   = 5826188                                {pd product} {ergonomic}
    uintx NonProfiledCodeHeapSize                  = 122916026                              {pd product} {ergonomic}
   size_t OldSize                                  = 70254592                                  {product} {ergonomic}
    uintx ProfiledCodeHeapSize                     = 122916026                              {pd product} {ergonomic}
    uintx ReservedCodeCacheSize                    = 251658240                              {pd product} {ergonomic}
     bool SegmentedCodeCache                       = true                                      {product} {ergonomic}
   size_t SoftMaxHeapSize                          = 2147483648                             {manageable} {ergonomic}
     bool UseCompressedOops                        = true                           {product lp64_product} {ergonomic}
     bool UseLargePagesIndividualAllocation        = false                                  {pd product} {ergonomic}
     bool UseParallelGC                            = true                                      {product} {command line}

Logging:
Log output configuration:
 #0: stdout all=off uptime,level,tags foldmultilines=false
 #1: stderr all=off uptime,level,tags foldmultilines=false

Environment Variables:
JAVA_HOME=C:\Program Files\jdk-17.0.0.1
PATH=C:\Python313\Scripts\;C:\Python313\;C:\WINDOWS\system32;C:\WINDOWS;C:\WINDOWS\System32\Wbem;C:\WINDOWS\System32\WindowsPowerShell\v1.0\;C:\WINDOWS\System32\OpenSSH\;C:\Program Files\jdk-17.0.0.1\bin;C:\ProgramData\chocolatey\bin;C:\Program Files\Git\cmd;C:\Program Files\nodejs\;C:\apache-maven-3.9.11\bin;C:\Users\gusta\AppData\Local\Microsoft\WindowsApps;C:\Users\gusta\AppData\Local\Programs\Microsoft VS Code\bin;C:\Users\gusta\AppData\Roaming\npm;
USERNAME=gusta
OS=Windows_NT
PROCESSOR_IDENTIFIER=Intel64 Family 6 Model 166 Stepping 0, GenuineIntel
TMP=C:\Users\gusta\AppData\Local\Temp
TEMP=C:\Users\gusta\AppData\Local\Temp




Periodic native trim disabled

---------------  S Y S T E M  ---------------

OS:
 Windows 11 , 64 bit Build 26100 (10.0.26100.4484)
OS uptime: 4 days 9:14 hours

CPU: total 2 (initial active 2) (2 cores per cpu, 1 threads per core) family 6 model 166 stepping 0 microcode 0xe0, cx8, cmov, fxsr, mmx, 3dnowpref, sse, sse2, sse3, ssse3, sse4.1, sse4.2, popcnt, lzcnt, tsc, tscinvbit, aes, erms, clmul, clflush, clflushopt, rdtscp
Processor Information for the first 2 processors :
  Max Mhz: 1896, Current Mhz: 1896, Mhz Limit: 1896

Memory: 4k page, system-wide physical 3910M (206M free)
TotalPageFile size 6982M (AvailPageFile size 3M)
current process WorkingSet (physical memory assigned to process): 635M, peak: 635M
current process commit charge ("private bytes"): 817M, peak: 818M

vm_info: OpenJDK 64-Bit Server VM (21.0.8+9-LTS) for windows-amd64 JRE (21.0.8+9-LTS), built on 2025-07-15T00:00:00Z by "admin" with MS VC++ 17.7 (VS2022)

END.
